2018-04-09 10:24:01.337 ERROR [http-nio-8781-exec-8] c.s.erp.common.aop.ExceptionAdvice - 发生未捕获的异常:
java.lang.NullPointerException: null
	at com.sunvalley.erp.product.service.ItemService.getPackageInfo(ItemService.java:836)
	at com.sunvalley.erp.product.service.ItemService$$FastClassBySpringCGLIB$$79bdcf4f.invoke(<generated>)
	at org.springframework.cglib.proxy.MethodProxy.invoke(MethodProxy.java:204)
	at org.springframework.aop.framework.CglibAopProxy$DynamicAdvisedInterceptor.intercept(CglibAopProxy.java:669)
	at com.sunvalley.erp.product.service.ItemService$$EnhancerBySpringCGLIB$$e04555cb.getPackageInfo(<generated>)
	at com.sunvalley.erp.product.controller.SkuController.getPackageInfo(SkuController.java:231)
	at sun.reflect.NativeMethodAccessorImpl.invoke0(Native Method)
	at sun.reflect.NativeMethodAccessorImpl.invoke(NativeMethodAccessorImpl.java:62)
	at sun.reflect.DelegatingMethodAccessorImpl.invoke(DelegatingMethodAccessorImpl.java:43)
	at java.lang.reflect.Method.invoke(Method.java:498)
	at com.netflix.hystrix.contrib.javanica.command.MethodExecutionAction.execute(MethodExecutionAction.java:116)
	at com.netflix.hystrix.contrib.javanica.command.MethodExecutionAction.executeWithArgs(MethodExecutionAction.java:93)
	at com.netflix.hystrix.contrib.javanica.command.MethodExecutionAction.execute(MethodExecutionAction.java:78)
	at com.netflix.hystrix.contrib.javanica.command.GenericCommand$1.execute(GenericCommand.java:48)
	at com.netflix.hystrix.contrib.javanica.command.AbstractHystrixCommand.process(AbstractHystrixCommand.java:145)
	at com.netflix.hystrix.contrib.javanica.command.GenericCommand.run(GenericCommand.java:45)
	at com.netflix.hystrix.HystrixCommand$2.call(HystrixCommand.java:302)
	at com.netflix.hystrix.HystrixCommand$2.call(HystrixCommand.java:298)
	at rx.internal.operators.OnSubscribeDefer.call(OnSubscribeDefer.java:46)
	at rx.internal.operators.OnSubscribeDefer.call(OnSubscribeDefer.java:35)
	at rx.internal.operators.OnSubscribeLift.call(OnSubscribeLift.java:48)
	at rx.internal.operators.OnSubscribeLift.call(OnSubscribeLift.java:30)
	at rx.internal.operators.OnSubscribeLift.call(OnSubscribeLift.java:48)
	at rx.internal.operators.OnSubscribeLift.call(OnSubscribeLift.java:30)
	at rx.internal.operators.OnSubscribeLift.call(OnSubscribeLift.java:48)
	at rx.internal.operators.OnSubscribeLift.call(OnSubscribeLift.java:30)
	at rx.Observable.unsafeSubscribe(Observable.java:10211)
	at rx.internal.operators.OnSubscribeDefer.call(OnSubscribeDefer.java:51)
	at rx.internal.operators.OnSubscribeDefer.call(OnSubscribeDefer.java:35)
	at rx.Observable.unsafeSubscribe(Observable.java:10211)
	at rx.internal.operators.OnSubscribeDoOnEach.call(OnSubscribeDoOnEach.java:41)
	at rx.internal.operators.OnSubscribeDoOnEach.call(OnSubscribeDoOnEach.java:30)
	at rx.internal.operators.OnSubscribeLift.call(OnSubscribeLift.java:48)
	at rx.internal.operators.OnSubscribeLift.call(OnSubscribeLift.java:30)
	at rx.Observable.unsafeSubscribe(Observable.java:10211)
	at rx.internal.operators.OperatorSubscribeOn$1.call(OperatorSubscribeOn.java:94)
	at com.netflix.hystrix.strategy.concurrency.HystrixContexSchedulerAction$1.call(HystrixContexSchedulerAction.java:56)
	at com.netflix.hystrix.strategy.concurrency.HystrixContexSchedulerAction$1.call(HystrixContexSchedulerAction.java:47)
	at org.springframework.cloud.sleuth.instrument.hystrix.SleuthHystrixConcurrencyStrategy$HystrixTraceCallable.call(SleuthHystrixConcurrencyStrategy.java:154)
	at com.netflix.hystrix.strategy.concurrency.HystrixContexSchedulerAction.call(HystrixContexSchedulerAction.java:69)
	at rx.internal.schedulers.ScheduledAction.run(ScheduledAction.java:55)
	at java.util.concurrent.Executors$RunnableAdapter.call(Executors.java:511)
	at java.util.concurrent.FutureTask.run(FutureTask.java:266)
	at java.util.concurrent.ThreadPoolExecutor.runWorker(ThreadPoolExecutor.java:1142)
	at java.util.concurrent.ThreadPoolExecutor$Worker.run(ThreadPoolExecutor.java:617)
	at java.lang.Thread.run(Thread.java:745)
2018-04-09 10:26:44.157 ERROR [http-nio-8781-exec-10] c.s.erp.common.aop.ExceptionAdvice - 发生未捕获的异常:
java.lang.NullPointerException: null
	at com.sunvalley.erp.product.service.ItemService.getPackageInfo(ItemService.java:836)
	at com.sunvalley.erp.product.service.ItemService$$FastClassBySpringCGLIB$$79bdcf4f.invoke(<generated>)
	at org.springframework.cglib.proxy.MethodProxy.invoke(MethodProxy.java:204)
	at org.springframework.aop.framework.CglibAopProxy$DynamicAdvisedInterceptor.intercept(CglibAopProxy.java:669)
	at com.sunvalley.erp.product.service.ItemService$$EnhancerBySpringCGLIB$$e04555cb.getPackageInfo(<generated>)
	at com.sunvalley.erp.product.controller.SkuController.getPackageInfo(SkuController.java:231)
	at sun.reflect.NativeMethodAccessorImpl.invoke0(Native Method)
	at sun.reflect.NativeMethodAccessorImpl.invoke(NativeMethodAccessorImpl.java:62)
	at sun.reflect.DelegatingMethodAccessorImpl.invoke(DelegatingMethodAccessorImpl.java:43)
	at java.lang.reflect.Method.invoke(Method.java:498)
	at com.netflix.hystrix.contrib.javanica.command.MethodExecutionAction.execute(MethodExecutionAction.java:116)
	at com.netflix.hystrix.contrib.javanica.command.MethodExecutionAction.executeWithArgs(MethodExecutionAction.java:93)
	at com.netflix.hystrix.contrib.javanica.command.MethodExecutionAction.execute(MethodExecutionAction.java:78)
	at com.netflix.hystrix.contrib.javanica.command.GenericCommand$1.execute(GenericCommand.java:48)
	at com.netflix.hystrix.contrib.javanica.command.AbstractHystrixCommand.process(AbstractHystrixCommand.java:145)
	at com.netflix.hystrix.contrib.javanica.command.GenericCommand.run(GenericCommand.java:45)
	at com.netflix.hystrix.HystrixCommand$2.call(HystrixCommand.java:302)
	at com.netflix.hystrix.HystrixCommand$2.call(HystrixCommand.java:298)
	at rx.internal.operators.OnSubscribeDefer.call(OnSubscribeDefer.java:46)
	at rx.internal.operators.OnSubscribeDefer.call(OnSubscribeDefer.java:35)
	at rx.internal.operators.OnSubscribeLift.call(OnSubscribeLift.java:48)
	at rx.internal.operators.OnSubscribeLift.call(OnSubscribeLift.java:30)
	at rx.internal.operators.OnSubscribeLift.call(OnSubscribeLift.java:48)
	at rx.internal.operators.OnSubscribeLift.call(OnSubscribeLift.java:30)
	at rx.internal.operators.OnSubscribeLift.call(OnSubscribeLift.java:48)
	at rx.internal.operators.OnSubscribeLift.call(OnSubscribeLift.java:30)
	at rx.Observable.unsafeSubscribe(Observable.java:10211)
	at rx.internal.operators.OnSubscribeDefer.call(OnSubscribeDefer.java:51)
	at rx.internal.operators.OnSubscribeDefer.call(OnSubscribeDefer.java:35)
	at rx.Observable.unsafeSubscribe(Observable.java:10211)
	at rx.internal.operators.OnSubscribeDoOnEach.call(OnSubscribeDoOnEach.java:41)
	at rx.internal.operators.OnSubscribeDoOnEach.call(OnSubscribeDoOnEach.java:30)
	at rx.internal.operators.OnSubscribeLift.call(OnSubscribeLift.java:48)
	at rx.internal.operators.OnSubscribeLift.call(OnSubscribeLift.java:30)
	at rx.Observable.unsafeSubscribe(Observable.java:10211)
	at rx.internal.operators.OperatorSubscribeOn$1.call(OperatorSubscribeOn.java:94)
	at com.netflix.hystrix.strategy.concurrency.HystrixContexSchedulerAction$1.call(HystrixContexSchedulerAction.java:56)
	at com.netflix.hystrix.strategy.concurrency.HystrixContexSchedulerAction$1.call(HystrixContexSchedulerAction.java:47)
	at org.springframework.cloud.sleuth.instrument.hystrix.SleuthHystrixConcurrencyStrategy$HystrixTraceCallable.call(SleuthHystrixConcurrencyStrategy.java:154)
	at com.netflix.hystrix.strategy.concurrency.HystrixContexSchedulerAction.call(HystrixContexSchedulerAction.java:69)
	at rx.internal.schedulers.ScheduledAction.run(ScheduledAction.java:55)
	at java.util.concurrent.Executors$RunnableAdapter.call(Executors.java:511)
	at java.util.concurrent.FutureTask.run(FutureTask.java:266)
	at java.util.concurrent.ThreadPoolExecutor.runWorker(ThreadPoolExecutor.java:1142)
	at java.util.concurrent.ThreadPoolExecutor$Worker.run(ThreadPoolExecutor.java:617)
	at java.lang.Thread.run(Thread.java:745)
2018-04-09 10:30:17.888 ERROR [http-nio-8781-exec-2] c.s.erp.common.aop.ExceptionAdvice - 发生未捕获的异常:
java.lang.NullPointerException: null
	at com.sunvalley.erp.product.service.ItemService.getPackageInfo(ItemService.java:836)
	at com.sunvalley.erp.product.service.ItemService$$FastClassBySpringCGLIB$$79bdcf4f.invoke(<generated>)
	at org.springframework.cglib.proxy.MethodProxy.invoke(MethodProxy.java:204)
	at org.springframework.aop.framework.CglibAopProxy$DynamicAdvisedInterceptor.intercept(CglibAopProxy.java:669)
	at com.sunvalley.erp.product.service.ItemService$$EnhancerBySpringCGLIB$$e04555cb.getPackageInfo(<generated>)
	at com.sunvalley.erp.product.controller.SkuController.getPackageInfo(SkuController.java:231)
	at sun.reflect.NativeMethodAccessorImpl.invoke0(Native Method)
	at sun.reflect.NativeMethodAccessorImpl.invoke(NativeMethodAccessorImpl.java:62)
	at sun.reflect.DelegatingMethodAccessorImpl.invoke(DelegatingMethodAccessorImpl.java:43)
	at java.lang.reflect.Method.invoke(Method.java:498)
	at com.netflix.hystrix.contrib.javanica.command.MethodExecutionAction.execute(MethodExecutionAction.java:116)
	at com.netflix.hystrix.contrib.javanica.command.MethodExecutionAction.executeWithArgs(MethodExecutionAction.java:93)
	at com.netflix.hystrix.contrib.javanica.command.MethodExecutionAction.execute(MethodExecutionAction.java:78)
	at com.netflix.hystrix.contrib.javanica.command.GenericCommand$1.execute(GenericCommand.java:48)
	at com.netflix.hystrix.contrib.javanica.command.AbstractHystrixCommand.process(AbstractHystrixCommand.java:145)
	at com.netflix.hystrix.contrib.javanica.command.GenericCommand.run(GenericCommand.java:45)
	at com.netflix.hystrix.HystrixCommand$2.call(HystrixCommand.java:302)
	at com.netflix.hystrix.HystrixCommand$2.call(HystrixCommand.java:298)
	at rx.internal.operators.OnSubscribeDefer.call(OnSubscribeDefer.java:46)
	at rx.internal.operators.OnSubscribeDefer.call(OnSubscribeDefer.java:35)
	at rx.internal.operators.OnSubscribeLift.call(OnSubscribeLift.java:48)
	at rx.internal.operators.OnSubscribeLift.call(OnSubscribeLift.java:30)
	at rx.internal.operators.OnSubscribeLift.call(OnSubscribeLift.java:48)
	at rx.internal.operators.OnSubscribeLift.call(OnSubscribeLift.java:30)
	at rx.internal.operators.OnSubscribeLift.call(OnSubscribeLift.java:48)
	at rx.internal.operators.OnSubscribeLift.call(OnSubscribeLift.java:30)
	at rx.Observable.unsafeSubscribe(Observable.java:10211)
	at rx.internal.operators.OnSubscribeDefer.call(OnSubscribeDefer.java:51)
	at rx.internal.operators.OnSubscribeDefer.call(OnSubscribeDefer.java:35)
	at rx.Observable.unsafeSubscribe(Observable.java:10211)
	at rx.internal.operators.OnSubscribeDoOnEach.call(OnSubscribeDoOnEach.java:41)
	at rx.internal.operators.OnSubscribeDoOnEach.call(OnSubscribeDoOnEach.java:30)
	at rx.internal.operators.OnSubscribeLift.call(OnSubscribeLift.java:48)
	at rx.internal.operators.OnSubscribeLift.call(OnSubscribeLift.java:30)
	at rx.Observable.unsafeSubscribe(Observable.java:10211)
	at rx.internal.operators.OperatorSubscribeOn$1.call(OperatorSubscribeOn.java:94)
	at com.netflix.hystrix.strategy.concurrency.HystrixContexSchedulerAction$1.call(HystrixContexSchedulerAction.java:56)
	at com.netflix.hystrix.strategy.concurrency.HystrixContexSchedulerAction$1.call(HystrixContexSchedulerAction.java:47)
	at org.springframework.cloud.sleuth.instrument.hystrix.SleuthHystrixConcurrencyStrategy$HystrixTraceCallable.call(SleuthHystrixConcurrencyStrategy.java:154)
	at com.netflix.hystrix.strategy.concurrency.HystrixContexSchedulerAction.call(HystrixContexSchedulerAction.java:69)
	at rx.internal.schedulers.ScheduledAction.run(ScheduledAction.java:55)
	at java.util.concurrent.Executors$RunnableAdapter.call(Executors.java:511)
	at java.util.concurrent.FutureTask.run(FutureTask.java:266)
	at java.util.concurrent.ThreadPoolExecutor.runWorker(ThreadPoolExecutor.java:1142)
	at java.util.concurrent.ThreadPoolExecutor$Worker.run(ThreadPoolExecutor.java:617)
	at java.lang.Thread.run(Thread.java:745)
2018-04-09 10:30:22.932 ERROR [http-nio-8781-exec-3] c.s.erp.common.aop.ExceptionAdvice - 发生未捕获的异常:
java.lang.NullPointerException: null
	at com.sunvalley.erp.product.service.ItemService.getPackageInfo(ItemService.java:836)
	at com.sunvalley.erp.product.service.ItemService$$FastClassBySpringCGLIB$$79bdcf4f.invoke(<generated>)
	at org.springframework.cglib.proxy.MethodProxy.invoke(MethodProxy.java:204)
	at org.springframework.aop.framework.CglibAopProxy$DynamicAdvisedInterceptor.intercept(CglibAopProxy.java:669)
	at com.sunvalley.erp.product.service.ItemService$$EnhancerBySpringCGLIB$$e04555cb.getPackageInfo(<generated>)
	at com.sunvalley.erp.product.controller.SkuController.getPackageInfo(SkuController.java:231)
	at sun.reflect.NativeMethodAccessorImpl.invoke0(Native Method)
	at sun.reflect.NativeMethodAccessorImpl.invoke(NativeMethodAccessorImpl.java:62)
	at sun.reflect.DelegatingMethodAccessorImpl.invoke(DelegatingMethodAccessorImpl.java:43)
	at java.lang.reflect.Method.invoke(Method.java:498)
	at com.netflix.hystrix.contrib.javanica.command.MethodExecutionAction.execute(MethodExecutionAction.java:116)
	at com.netflix.hystrix.contrib.javanica.command.MethodExecutionAction.executeWithArgs(MethodExecutionAction.java:93)
	at com.netflix.hystrix.contrib.javanica.command.MethodExecutionAction.execute(MethodExecutionAction.java:78)
	at com.netflix.hystrix.contrib.javanica.command.GenericCommand$1.execute(GenericCommand.java:48)
	at com.netflix.hystrix.contrib.javanica.command.AbstractHystrixCommand.process(AbstractHystrixCommand.java:145)
	at com.netflix.hystrix.contrib.javanica.command.GenericCommand.run(GenericCommand.java:45)
	at com.netflix.hystrix.HystrixCommand$2.call(HystrixCommand.java:302)
	at com.netflix.hystrix.HystrixCommand$2.call(HystrixCommand.java:298)
	at rx.internal.operators.OnSubscribeDefer.call(OnSubscribeDefer.java:46)
	at rx.internal.operators.OnSubscribeDefer.call(OnSubscribeDefer.java:35)
	at rx.internal.operators.OnSubscribeLift.call(OnSubscribeLift.java:48)
	at rx.internal.operators.OnSubscribeLift.call(OnSubscribeLift.java:30)
	at rx.internal.operators.OnSubscribeLift.call(OnSubscribeLift.java:48)
	at rx.internal.operators.OnSubscribeLift.call(OnSubscribeLift.java:30)
	at rx.internal.operators.OnSubscribeLift.call(OnSubscribeLift.java:48)
	at rx.internal.operators.OnSubscribeLift.call(OnSubscribeLift.java:30)
	at rx.Observable.unsafeSubscribe(Observable.java:10211)
	at rx.internal.operators.OnSubscribeDefer.call(OnSubscribeDefer.java:51)
	at rx.internal.operators.OnSubscribeDefer.call(OnSubscribeDefer.java:35)
	at rx.Observable.unsafeSubscribe(Observable.java:10211)
	at rx.internal.operators.OnSubscribeDoOnEach.call(OnSubscribeDoOnEach.java:41)
	at rx.internal.operators.OnSubscribeDoOnEach.call(OnSubscribeDoOnEach.java:30)
	at rx.internal.operators.OnSubscribeLift.call(OnSubscribeLift.java:48)
	at rx.internal.operators.OnSubscribeLift.call(OnSubscribeLift.java:30)
	at rx.Observable.unsafeSubscribe(Observable.java:10211)
	at rx.internal.operators.OperatorSubscribeOn$1.call(OperatorSubscribeOn.java:94)
	at com.netflix.hystrix.strategy.concurrency.HystrixContexSchedulerAction$1.call(HystrixContexSchedulerAction.java:56)
	at com.netflix.hystrix.strategy.concurrency.HystrixContexSchedulerAction$1.call(HystrixContexSchedulerAction.java:47)
	at org.springframework.cloud.sleuth.instrument.hystrix.SleuthHystrixConcurrencyStrategy$HystrixTraceCallable.call(SleuthHystrixConcurrencyStrategy.java:154)
	at com.netflix.hystrix.strategy.concurrency.HystrixContexSchedulerAction.call(HystrixContexSchedulerAction.java:69)
	at rx.internal.schedulers.ScheduledAction.run(ScheduledAction.java:55)
	at java.util.concurrent.Executors$RunnableAdapter.call(Executors.java:511)
	at java.util.concurrent.FutureTask.run(FutureTask.java:266)
	at java.util.concurrent.ThreadPoolExecutor.runWorker(ThreadPoolExecutor.java:1142)
	at java.util.concurrent.ThreadPoolExecutor$Worker.run(ThreadPoolExecutor.java:617)
	at java.lang.Thread.run(Thread.java:745)
