2018-04-09 09:08:44.411 INFO  [hystrix-mws-api-1] o.s.c.a.AnnotationConfigApplicationContext - Refreshing org.springframework.context.annotation.AnnotationConfigApplicationContext@7ab1f469: startup date [Mon Apr 09 09:08:44 CST 2018]; parent: org.springframework.boot.context.embedded.AnnotationConfigEmbeddedWebApplicationContext@67862a51
2018-04-09 09:08:44.467 INFO  [hystrix-mws-api-1] o.s.b.f.a.AutowiredAnnotationBeanPostProcessor - JSR-330 'javax.inject.Inject' annotation found and supported for autowiring
2018-04-09 09:08:44.614 INFO  [hystrix-mws-api-1] c.n.config.ChainedDynamicProperty - Flipping property: mws-api.ribbon.ActiveConnectionsLimit to use NEXT property: niws.loadbalancer.availabilityFilteringRule.activeConnectionsLimit = 2147483647
2018-04-09 09:08:44.640 INFO  [hystrix-mws-api-1] c.n.u.c.ShutdownEnabledTimer - Shutdown hook installed for: NFLoadBalancer-PingTimer-mws-api
2018-04-09 09:08:44.648 INFO  [hystrix-mws-api-1] c.n.loadbalancer.BaseLoadBalancer - Client: mws-api instantiated a LoadBalancer: DynamicServerListLoadBalancer:{NFLoadBalancer:name=mws-api,current list of Servers=[],Load balancer stats=Zone stats: {},Server stats: []}ServerList:null
2018-04-09 09:08:44.655 INFO  [hystrix-mws-api-1] c.n.l.DynamicServerListLoadBalancer - Using serverListUpdater PollingServerListUpdater
2018-04-09 09:08:44.686 INFO  [hystrix-mws-api-1] c.n.config.ChainedDynamicProperty - Flipping property: mws-api.ribbon.ActiveConnectionsLimit to use NEXT property: niws.loadbalancer.availabilityFilteringRule.activeConnectionsLimit = 2147483647
2018-04-09 09:08:44.687 INFO  [hystrix-mws-api-1] c.n.l.DynamicServerListLoadBalancer - DynamicServerListLoadBalancer for client mws-api initialized: DynamicServerListLoadBalancer:{NFLoadBalancer:name=mws-api,current list of Servers=[10.20.0.153:8791],Load balancer stats=Zone stats: {defaultzone=[Zone:defaultzone;	Instance count:1;	Active connections count: 0;	Circuit breaker tripped count: 0;	Active connections per server: 0.0;]
},Server stats: [[Server:10.20.0.153:8791;	Zone:defaultZone;	Total Requests:0;	Successive connection failure:0;	Total blackout seconds:0;	Last connection made:Thu Jan 01 08:00:00 CST 1970;	First connection made: Thu Jan 01 08:00:00 CST 1970;	Active Connections:0;	total failure count in last (1000) msecs:0;	average resp time:0.0;	90 percentile resp time:0.0;	95 percentile resp time:0.0;	min resp time:0.0;	max resp time:0.0;	stddev resp time:0.0]
]}ServerList:org.springframework.cloud.netflix.ribbon.eureka.DomainExtractingServerList@6bd8d9f8
2018-04-09 09:08:45.658 INFO  [PollingServerListUpdater-0] c.n.config.ChainedDynamicProperty - Flipping property: mws-api.ribbon.ActiveConnectionsLimit to use NEXT property: niws.loadbalancer.availabilityFilteringRule.activeConnectionsLimit = 2147483647
2018-04-09 09:08:46.851 INFO  [task-scheduler-1] o.s.i.c.kryo.CompositeKryoRegistrar - registering [40, java.io.File] with serializer org.springframework.integration.codec.kryo.FileSerializer
2018-04-09 11:28:26.477 INFO  [restartedMain] o.s.c.a.AnnotationConfigApplicationContext - Refreshing org.springframework.context.annotation.AnnotationConfigApplicationContext@2e2341ab: startup date [Mon Apr 09 11:28:26 CST 2018]; root of context hierarchy
2018-04-09 11:28:26.553 INFO  [background-preinit] o.h.validator.internal.util.Version - HV000001: Hibernate Validator 5.3.6.Final
2018-04-09 11:28:26.695 INFO  [restartedMain] o.s.b.f.a.AutowiredAnnotationBeanPostProcessor - JSR-330 'javax.inject.Inject' annotation found and supported for autowiring
2018-04-09 11:28:27.461 INFO  [restartedMain] o.s.c.b.c.PropertySourceBootstrapConfiguration - Located property source: CompositePropertySource [name='configService', propertySources=[MapPropertySource [name='configClient'], MapPropertySource [name='http://gitlab.sunvalley.com.cn/soft-dev/env-config.git/dev/erp-product-dev.yml']]]
2018-04-09 11:28:27.507 INFO  [restartedMain] c.s.e.p.ProductServiceApplication - No active profile set, falling back to default profiles: default
2018-04-09 11:28:27.528 INFO  [restartedMain] o.s.b.c.e.AnnotationConfigEmbeddedWebApplicationContext - Refreshing org.springframework.boot.context.embedded.AnnotationConfigEmbeddedWebApplicationContext@5e8c6c13: startup date [Mon Apr 09 11:28:27 CST 2018]; parent: org.springframework.context.annotation.AnnotationConfigApplicationContext@2e2341ab
2018-04-09 11:28:29.097 INFO  [restartedMain] o.s.i.config.IntegrationRegistrar - No bean named 'integrationHeaderChannelRegistry' has been explicitly defined. Therefore, a default DefaultHeaderChannelRegistry will be created.
2018-04-09 11:28:29.561 INFO  [restartedMain] o.s.cloud.context.scope.GenericScope - BeanFactory id=96f567cf-df75-3af4-8cbf-9a5e72e723d1
2018-04-09 11:28:29.574 INFO  [restartedMain] o.s.i.c.DefaultConfiguringBeanFactoryPostProcessor - No bean named 'errorChannel' has been explicitly defined. Therefore, a default PublishSubscribeChannel will be created.
2018-04-09 11:28:29.579 INFO  [restartedMain] o.s.i.c.DefaultConfiguringBeanFactoryPostProcessor - No bean named 'taskScheduler' has been explicitly defined. Therefore, a default ThreadPoolTaskScheduler will be created.
2018-04-09 11:28:29.592 INFO  [restartedMain] o.s.b.f.a.AutowiredAnnotationBeanPostProcessor - JSR-330 'javax.inject.Inject' annotation found and supported for autowiring
2018-04-09 11:28:30.880 INFO  [restartedMain] o.s.b.c.e.t.TomcatEmbeddedServletContainer - Tomcat initialized with port(s): 8781 (http)
2018-04-09 11:28:34.053 INFO  [localhost-startStop-1] o.s.b.w.s.ServletRegistrationBean - Mapping servlet: 'dispatcherServlet' to [/]
2018-04-09 11:28:34.054 INFO  [localhost-startStop-1] o.s.b.w.s.ServletRegistrationBean - Mapping servlet: 'statViewServlet' to [/druid/*]
2018-04-09 11:28:34.187 INFO  [restartedMain] o.s.c.a.AnnotationConfigApplicationContext - Refreshing org.springframework.context.annotation.AnnotationConfigApplicationContext@20b2c598: startup date [Mon Apr 09 11:28:34 CST 2018]; parent: org.springframework.boot.context.embedded.AnnotationConfigEmbeddedWebApplicationContext@5e8c6c13
2018-04-09 11:28:34.202 INFO  [restartedMain] o.s.b.f.a.AutowiredAnnotationBeanPostProcessor - JSR-330 'javax.inject.Inject' annotation found and supported for autowiring
2018-04-09 11:28:35.032 INFO  [restartedMain] o.s.aop.framework.CglibAopProxy - Method [com.netflix.client.config.IClientConfig org.springframework.cloud.netflix.feign.ribbon.LoadBalancerFeignClient.getClientConfig(feign.Request$Options,java.lang.String)] is package-visible across different ClassLoaders and cannot get proxied via CGLIB: Declare this method as public or protected if you need to support invocations through the proxy.
2018-04-09 11:28:37.076 INFO  [restartedMain] c.n.c.sources.URLConfigurationSource - To enable URLs as dynamic configuration sources, define System property archaius.configurationSource.additionalUrls or make config.properties available on classpath.
2018-04-09 11:28:37.082 INFO  [restartedMain] c.n.config.DynamicPropertyFactory - DynamicPropertyFactory is initialized with configuration sources: com.netflix.config.ConcurrentCompositeConfiguration@e524fcd
2018-04-09 11:28:37.522 INFO  [restartedMain] o.s.w.s.m.m.a.RequestMappingHandlerAdapter - Looking for @ControllerAdvice: org.springframework.boot.context.embedded.AnnotationConfigEmbeddedWebApplicationContext@5e8c6c13: startup date [Mon Apr 09 11:28:27 CST 2018]; parent: org.springframework.context.annotation.AnnotationConfigApplicationContext@2e2341ab
2018-04-09 11:28:37.672 INFO  [restartedMain] o.s.w.s.m.m.a.RequestMappingHandlerMapping - Mapped "{[/product/amazon/getProductBaseInfo]}" onto public com.sunvalley.erp.common.vo.BaseReturnVO com.sunvalley.erp.product.controller.AmazonController.getProductBaseInfo(java.lang.String)
2018-04-09 11:28:37.673 INFO  [restartedMain] o.s.w.s.m.m.a.RequestMappingHandlerMapping - Mapped "{[/product/listing/log]}" onto public com.sunvalley.erp.common.vo.BaseReturnVO com.sunvalley.erp.product.controller.AmazonListingLogController.saveAmazonListingLog(com.sunvalley.erp.product.to.AmazonListingLogTO)
2018-04-09 11:28:37.675 INFO  [restartedMain] o.s.w.s.m.m.a.RequestMappingHandlerMapping - Mapped "{[/product/bom/saveBomOneSkuList],consumes=[application/json]}" onto public com.sunvalley.erp.common.vo.BaseReturnVO com.sunvalley.erp.product.controller.BomController.saveBomOneSkuList(java.lang.String)
2018-04-09 11:28:37.675 INFO  [restartedMain] o.s.w.s.m.m.a.RequestMappingHandlerMapping - Mapped "{[/product/bom/importPackageList],consumes=[application/json]}" onto public com.sunvalley.erp.common.vo.BaseReturnVO com.sunvalley.erp.product.controller.BomController.importPackageList(java.lang.String)
2018-04-09 11:28:37.675 INFO  [restartedMain] o.s.w.s.m.m.a.RequestMappingHandlerMapping - Mapped "{[/product/bom/getBomInfo],consumes=[application/json]}" onto public com.sunvalley.erp.common.vo.BaseReturnVO com.sunvalley.erp.product.controller.BomController.getBomInfo(java.lang.String)
2018-04-09 11:28:37.675 INFO  [restartedMain] o.s.w.s.m.m.a.RequestMappingHandlerMapping - Mapped "{[/product/index]}" onto public com.sunvalley.erp.common.vo.BaseReturnVO com.sunvalley.erp.product.controller.HomeController.index()
2018-04-09 11:28:37.677 INFO  [restartedMain] o.s.w.s.m.m.a.RequestMappingHandlerMapping - Mapped "{[/product/prepsku/getPreSkuBaseInfo]}" onto public com.sunvalley.erp.common.vo.BaseReturnVO com.sunvalley.erp.product.controller.PrepSkuController.getPreSkuBaseInfo(java.lang.String)
2018-04-09 11:28:37.677 INFO  [restartedMain] o.s.w.s.m.m.a.RequestMappingHandlerMapping - Mapped "{[/product/prepsku/listModelAndPreSku]}" onto public com.sunvalley.erp.common.vo.BaseReturnVO com.sunvalley.erp.product.controller.PrepSkuController.listModelAndPreSku(java.lang.String)
2018-04-09 11:28:37.677 INFO  [restartedMain] o.s.w.s.m.m.a.RequestMappingHandlerMapping - Mapped "{[/product/prepsku/getByModelId]}" onto public com.sunvalley.erp.common.vo.BaseReturnVO com.sunvalley.erp.product.controller.PrepSkuController.getByModelId(java.lang.String)
2018-04-09 11:28:37.677 INFO  [restartedMain] o.s.w.s.m.m.a.RequestMappingHandlerMapping - Mapped "{[/product/prepsku/getByModel]}" onto public com.sunvalley.erp.common.vo.BaseReturnVO com.sunvalley.erp.product.controller.PrepSkuController.getByModel(java.lang.String)
2018-04-09 11:28:37.677 INFO  [restartedMain] o.s.w.s.m.m.a.RequestMappingHandlerMapping - Mapped "{[/product/prepsku/saveModel]}" onto public com.sunvalley.erp.common.vo.BaseReturnVO com.sunvalley.erp.product.controller.PrepSkuController.saveModel(com.sunvalley.erp.product.to.PreSkuTO)
2018-04-09 11:28:37.677 INFO  [restartedMain] o.s.w.s.m.m.a.RequestMappingHandlerMapping - Mapped "{[/product/prepsku/getPreSkuGrid]}" onto public com.sunvalley.erp.common.vo.BaseReturnVO com.sunvalley.erp.product.controller.PrepSkuController.getPreSkuGrid(java.util.HashMap<java.lang.String, java.lang.Object>)
2018-04-09 11:28:37.678 INFO  [restartedMain] o.s.w.s.m.m.a.RequestMappingHandlerMapping - Mapped "{[/product/prepsku/ListPackageSku]}" onto public com.sunvalley.erp.common.vo.BaseReturnVO com.sunvalley.erp.product.controller.PrepSkuController.ListpackageSku(java.util.HashMap<java.lang.String, java.lang.Object>)
2018-04-09 11:28:37.682 INFO  [restartedMain] o.s.w.s.m.m.a.RequestMappingHandlerMapping - Mapped "{[/product/roadmap/add]}" onto public com.sunvalley.erp.common.vo.BaseReturnVO com.sunvalley.erp.product.controller.RoadmapController.add(com.sunvalley.erp.product.modelEX.RoadmapEX)
2018-04-09 11:28:37.682 INFO  [restartedMain] o.s.w.s.m.m.a.RequestMappingHandlerMapping - Mapped "{[/product/roadmap/update]}" onto public com.sunvalley.erp.common.vo.BaseReturnVO com.sunvalley.erp.product.controller.RoadmapController.update(com.sunvalley.erp.product.modelEX.RoadmapEX)
2018-04-09 11:28:37.682 INFO  [restartedMain] o.s.w.s.m.m.a.RequestMappingHandlerMapping - Mapped "{[/product/roadmap/delete]}" onto public com.sunvalley.erp.common.vo.BaseReturnVO com.sunvalley.erp.product.controller.RoadmapController.delete(com.sunvalley.erp.product.modelEX.RoadmapEX)
2018-04-09 11:28:37.682 INFO  [restartedMain] o.s.w.s.m.m.a.RequestMappingHandlerMapping - Mapped "{[/product/roadmap/list]}" onto public com.sunvalley.erp.common.vo.BaseReturnVO com.sunvalley.erp.product.controller.RoadmapController.list(com.sunvalley.erp.product.vo.QueryPageVO)
2018-04-09 11:28:37.682 INFO  [restartedMain] o.s.w.s.m.m.a.RequestMappingHandlerMapping - Mapped "{[/product/roadmap/save]}" onto public com.sunvalley.erp.common.vo.BaseReturnVO com.sunvalley.erp.product.controller.RoadmapController.save(com.sunvalley.erp.product.modelEX.RoadmapEX)
2018-04-09 11:28:37.683 INFO  [restartedMain] o.s.w.s.m.m.a.RequestMappingHandlerMapping - Mapped "{[/product/roadmap/msDevelopTypeList]}" onto public com.sunvalley.erp.common.vo.BaseReturnVO com.sunvalley.erp.product.controller.RoadmapController.msDevelopTypeList()
2018-04-09 11:28:37.683 INFO  [restartedMain] o.s.w.s.m.m.a.RequestMappingHandlerMapping - Mapped "{[/product/roadmap/exportSelectedProductData]}" onto public void com.sunvalley.erp.product.controller.RoadmapController.exportSelectedData(javax.servlet.http.HttpServletResponse,java.lang.String) throws java.lang.Exception
2018-04-09 11:28:37.683 INFO  [restartedMain] o.s.w.s.m.m.a.RequestMappingHandlerMapping - Mapped "{[/product/roadmap/getById]}" onto public com.sunvalley.erp.common.vo.BaseReturnVO com.sunvalley.erp.product.controller.RoadmapController.getById(java.lang.String)
2018-04-09 11:28:37.683 INFO  [restartedMain] o.s.w.s.m.m.a.RequestMappingHandlerMapping - Mapped "{[/product/roadmap/productList]}" onto public com.sunvalley.erp.common.vo.BaseReturnVO com.sunvalley.erp.product.controller.RoadmapController.productList(com.sunvalley.erp.product.vo.QueryPageVO)
2018-04-09 11:28:37.683 INFO  [restartedMain] o.s.w.s.m.m.a.RequestMappingHandlerMapping - Mapped "{[/product/roadmap/getProductById]}" onto public com.sunvalley.erp.common.vo.BaseReturnVO com.sunvalley.erp.product.controller.RoadmapController.getProductById(java.lang.String)
2018-04-09 11:28:37.684 INFO  [restartedMain] o.s.w.s.m.m.a.RequestMappingHandlerMapping - Mapped "{[/product/roadmap/productAdd]}" onto public com.sunvalley.erp.common.vo.BaseReturnVO com.sunvalley.erp.product.controller.RoadmapController.productAdd(com.sunvalley.erp.product.modelEX.RoadmapProductEX)
2018-04-09 11:28:37.684 INFO  [restartedMain] o.s.w.s.m.m.a.RequestMappingHandlerMapping - Mapped "{[/product/roadmap/productUpdate]}" onto public com.sunvalley.erp.common.vo.BaseReturnVO com.sunvalley.erp.product.controller.RoadmapController.productUpdate(com.sunvalley.erp.product.modelEX.RoadmapProductEX)
2018-04-09 11:28:37.684 INFO  [restartedMain] o.s.w.s.m.m.a.RequestMappingHandlerMapping - Mapped "{[/product/roadmap/productSave]}" onto public com.sunvalley.erp.common.vo.BaseReturnVO com.sunvalley.erp.product.controller.RoadmapController.productSave(com.sunvalley.erp.product.modelEX.RoadmapProductEX) throws java.lang.Exception
2018-04-09 11:28:37.684 INFO  [restartedMain] o.s.w.s.m.m.a.RequestMappingHandlerMapping - Mapped "{[/product/roadmap/brandList]}" onto public com.sunvalley.erp.common.vo.BaseReturnVO com.sunvalley.erp.product.controller.RoadmapController.brandList()
2018-04-09 11:28:37.684 INFO  [restartedMain] o.s.w.s.m.m.a.RequestMappingHandlerMapping - Mapped "{[/product/roadmap/categoryList]}" onto public com.sunvalley.erp.common.vo.BaseReturnVO com.sunvalley.erp.product.controller.RoadmapController.categoryList(java.lang.String)
2018-04-09 11:28:37.684 INFO  [restartedMain] o.s.w.s.m.m.a.RequestMappingHandlerMapping - Mapped "{[/product/roadmap/modelList]}" onto public com.sunvalley.erp.common.vo.BaseReturnVO com.sunvalley.erp.product.controller.RoadmapController.modelList(java.lang.String)
2018-04-09 11:28:37.684 INFO  [restartedMain] o.s.w.s.m.m.a.RequestMappingHandlerMapping - Mapped "{[/product/roadmap/exportProductData]}" onto public void com.sunvalley.erp.product.controller.RoadmapController.exportData(javax.servlet.http.HttpServletResponse,com.sunvalley.erp.product.vo.QueryPageVO) throws java.lang.Exception
2018-04-09 11:28:37.687 INFO  [restartedMain] o.s.w.s.m.m.a.RequestMappingHandlerMapping - Mapped "{[/product/sku/getPackageInfo]}" onto public com.sunvalley.erp.common.vo.BaseReturnVO com.sunvalley.erp.product.controller.SkuController.getPackageInfo(java.lang.String)
2018-04-09 11:28:37.687 INFO  [restartedMain] o.s.w.s.m.m.a.RequestMappingHandlerMapping - Mapped "{[/product/sku/updateSkuBaseInfo]}" onto public com.sunvalley.erp.common.vo.BaseReturnVO com.sunvalley.erp.product.controller.SkuController.updateSkuBaseInfo(com.sunvalley.erp.product.to.SkuBaseInfoTO)
2018-04-09 11:28:37.687 INFO  [restartedMain] o.s.w.s.m.m.a.RequestMappingHandlerMapping - Mapped "{[/product/sku/saveSkuMarketInfo]}" onto public com.sunvalley.erp.common.vo.BaseReturnVO com.sunvalley.erp.product.controller.SkuController.saveSkuMarketInfo(com.sunvalley.erp.product.to.SkuMarketInfoTO)
2018-04-09 11:28:37.687 INFO  [restartedMain] o.s.w.s.m.m.a.RequestMappingHandlerMapping - Mapped "{[/product/sku/listSkuBySameModel]}" onto public com.sunvalley.erp.common.vo.BaseReturnVO com.sunvalley.erp.product.controller.SkuController.listSkuBySameModel(java.lang.String)
2018-04-09 11:28:37.688 INFO  [restartedMain] o.s.w.s.m.m.a.RequestMappingHandlerMapping - Mapped "{[/product/sku/copyVirtualFromSku]}" onto public com.sunvalley.erp.common.vo.BaseReturnVO com.sunvalley.erp.product.controller.SkuController.copyVirtualFromSku(java.lang.String)
2018-04-09 11:28:37.688 INFO  [restartedMain] o.s.w.s.m.m.a.RequestMappingHandlerMapping - Mapped "{[/product/sku/searchSkuByModelId]}" onto public com.sunvalley.erp.common.vo.BaseReturnVO com.sunvalley.erp.product.controller.SkuController.searchSkuByModelId(java.lang.String)
2018-04-09 11:28:37.688 INFO  [restartedMain] o.s.w.s.m.m.a.RequestMappingHandlerMapping - Mapped "{[/product/sku/saveSkuBaseInfo]}" onto public com.sunvalley.erp.common.vo.BaseReturnVO com.sunvalley.erp.product.controller.SkuController.saveSkuBaseInfo(com.sunvalley.erp.product.to.SkuBaseInfoTO)
2018-04-09 11:28:37.688 INFO  [restartedMain] o.s.w.s.m.m.a.RequestMappingHandlerMapping - Mapped "{[/product/sku/getSkuBaseInfo/{sku}],methods=[GET]}" onto public com.sunvalley.erp.common.vo.BaseReturnVO com.sunvalley.erp.product.controller.SkuController.getSkuBaseInfo(java.lang.String)
2018-04-09 11:28:37.688 INFO  [restartedMain] o.s.w.s.m.m.a.RequestMappingHandlerMapping - Mapped "{[/product/sku/getCustomsInfo/{skuId}]}" onto public com.sunvalley.erp.common.vo.BaseReturnVO com.sunvalley.erp.product.controller.SkuController.getCustomsInfo(int)
2018-04-09 11:28:37.688 INFO  [restartedMain] o.s.w.s.m.m.a.RequestMappingHandlerMapping - Mapped "{[/product/sku/listBySameModel/{skuId}]}" onto public com.sunvalley.erp.common.vo.BaseReturnVO com.sunvalley.erp.product.controller.SkuController.listBySameModel(java.lang.String)
2018-04-09 11:28:37.688 INFO  [restartedMain] o.s.w.s.m.m.a.RequestMappingHandlerMapping - Mapped "{[/product/sku/getSkuSimpleInfo]}" onto public com.sunvalley.erp.common.vo.BaseReturnVO com.sunvalley.erp.product.controller.SkuController.getSkuSimpleInfo(java.lang.String)
2018-04-09 11:28:37.691 INFO  [restartedMain] o.s.w.s.m.m.a.RequestMappingHandlerMapping - Mapped "{[/product/sku/listSkuListNew]}" onto public com.sunvalley.erp.common.vo.BaseReturnVO com.sunvalley.erp.product.controller.SkuController.listSkuListNew(java.lang.String)
2018-04-09 11:28:37.691 INFO  [restartedMain] o.s.w.s.m.m.a.RequestMappingHandlerMapping - Mapped "{[/product/sku/getSkuMarketInfo/{skuId}]}" onto public com.sunvalley.erp.common.vo.BaseReturnVO com.sunvalley.erp.product.controller.SkuController.getSkuMarketInfo(int)
2018-04-09 11:28:37.691 INFO  [restartedMain] o.s.w.s.m.m.a.RequestMappingHandlerMapping - Mapped "{[/product/sku/listSkuFile/{skuId}]}" onto public com.sunvalley.erp.common.vo.BaseReturnVO com.sunvalley.erp.product.controller.SkuController.listSkuFile(int)
2018-04-09 11:28:37.691 INFO  [restartedMain] o.s.w.s.m.m.a.RequestMappingHandlerMapping - Mapped "{[/product/sku/listSkuVideo/{skuId}]}" onto public com.sunvalley.erp.common.vo.BaseReturnVO com.sunvalley.erp.product.controller.SkuController.listSkuVideo(int)
2018-04-09 11:28:37.691 INFO  [restartedMain] o.s.w.s.m.m.a.RequestMappingHandlerMapping - Mapped "{[/product/sku/listSkuImage/{sku}]}" onto public com.sunvalley.erp.common.vo.BaseReturnVO com.sunvalley.erp.product.controller.SkuController.listSkuImage(java.lang.String)
2018-04-09 11:28:37.692 INFO  [restartedMain] o.s.w.s.m.m.a.RequestMappingHandlerMapping - Mapped "{[/product/sku/listPackageInfo]}" onto public com.sunvalley.erp.common.vo.BaseReturnVO com.sunvalley.erp.product.controller.SkuController.listPackageInfo(com.sunvalley.erp.product.vo.QueryPageVO)
2018-04-09 11:28:37.692 INFO  [restartedMain] o.s.w.s.m.m.a.RequestMappingHandlerMapping - Mapped "{[/product/sku/savePackageInfo]}" onto public com.sunvalley.erp.common.vo.BaseReturnVO com.sunvalley.erp.product.controller.SkuController.savePackageInfo(com.sunvalley.erp.product.vo.PackagInfoVO)
2018-04-09 11:28:37.692 INFO  [restartedMain] o.s.w.s.m.m.a.RequestMappingHandlerMapping - Mapped "{[/product/sku/searchModel]}" onto public com.sunvalley.erp.common.vo.BaseReturnVO com.sunvalley.erp.product.controller.SkuController.searchModel(java.lang.String)
2018-04-09 11:28:37.694 INFO  [restartedMain] o.s.w.s.m.m.a.RequestMappingHandlerMapping - Mapped "{[/error]}" onto public org.springframework.http.ResponseEntity<java.util.Map<java.lang.String, java.lang.Object>> org.springframework.boot.autoconfigure.web.BasicErrorController.error(javax.servlet.http.HttpServletRequest)
2018-04-09 11:28:37.695 INFO  [restartedMain] o.s.w.s.m.m.a.RequestMappingHandlerMapping - Mapped "{[/error],produces=[text/html]}" onto public org.springframework.web.servlet.ModelAndView org.springframework.boot.autoconfigure.web.BasicErrorController.errorHtml(javax.servlet.http.HttpServletRequest,javax.servlet.http.HttpServletResponse)
2018-04-09 11:28:37.855 INFO  [restartedMain] o.s.w.s.m.m.a.ExceptionHandlerExceptionResolver - Detected @ExceptionHandler methods in com.sunvalley.erp.common.aop.ExceptionAdvice
2018-04-09 11:28:37.926 INFO  [restartedMain] o.s.w.s.h.SimpleUrlHandlerMapping - Mapped URL path [/**/favicon.ico] onto handler of type [class org.springframework.web.servlet.resource.ResourceHttpRequestHandler]
2018-04-09 11:28:38.917 INFO  [restartedMain] o.s.s.c.ThreadPoolTaskScheduler - Initializing ExecutorService  'taskScheduler'
2018-04-09 11:30:02.939 INFO  [restartedMain] o.s.b.d.a.OptionalLiveReloadServer - LiveReload server is running on port 35729
2018-04-09 11:30:03.122 INFO  [restartedMain] c.n.c.sources.URLConfigurationSource - To enable URLs as dynamic configuration sources, define System property archaius.configurationSource.additionalUrls or make config.properties available on classpath.
2018-04-09 11:30:03.473 INFO  [restartedMain] o.s.s.c.ThreadPoolTaskScheduler - Initializing ExecutorService 
2018-04-09 11:30:03.617 INFO  [restartedMain] o.s.i.c.kryo.CompositeKryoRegistrar - configured Kryo registration [40, java.io.File] with serializer org.springframework.integration.codec.kryo.FileSerializer
2018-04-09 11:30:05.690 INFO  [restartedMain] o.s.c.s.DefaultLifecycleProcessor - Starting beans in phase -2147482648
2018-04-09 11:30:06.073 INFO  [restartedMain] o.s.c.b.c.PropertySourceBootstrapConfiguration - Located property source: CompositePropertySource [name='configService', propertySources=[MapPropertySource [name='configClient'], MapPropertySource [name='http://gitlab.sunvalley.com.cn/soft-dev/env-config.git/dev/erp-product-dev.yml']]]
2018-04-09 11:30:06.088 INFO  [restartedMain] c.s.e.p.ProductServiceApplication - No active profile set, falling back to default profiles: default
2018-04-09 11:30:06.091 INFO  [restartedMain] o.s.c.a.AnnotationConfigApplicationContext - Refreshing org.springframework.context.annotation.AnnotationConfigApplicationContext@68659cc: startup date [Mon Apr 09 11:30:06 CST 2018]; parent: org.springframework.boot.context.embedded.AnnotationConfigEmbeddedWebApplicationContext@5e8c6c13
2018-04-09 11:30:06.127 INFO  [restartedMain] o.s.b.f.a.AutowiredAnnotationBeanPostProcessor - JSR-330 'javax.inject.Inject' annotation found and supported for autowiring
2018-04-09 11:30:06.193 INFO  [restartedMain] o.s.c.s.GenericApplicationContext - Refreshing org.springframework.context.support.GenericApplicationContext@317a74a1: startup date [Mon Apr 09 11:30:06 CST 2018]; root of context hierarchy
2018-04-09 11:30:06.234 INFO  [restartedMain] c.s.e.p.ProductServiceApplication - Started ProductServiceApplication in 0.523 seconds (JVM running for 101.283)
2018-04-09 11:30:06.286 INFO  [restartedMain] o.s.a.r.c.CachingConnectionFactory - Attempting to connect to: [10.20.0.153:5672]
2018-04-09 11:30:06.312 INFO  [restartedMain] o.s.a.r.c.CachingConnectionFactory - Created new connection: rabbitConnectionFactory#19c5ff8b:0/SimpleConnection@6229ea9a [delegate=amqp://rabbitmq@10.20.0.153:5672/, localPort= 49861]
2018-04-09 11:30:06.347 INFO  [restartedMain] o.s.i.channel.DirectChannel - Channel 'erp-product:8781.sleuth' has 1 subscriber(s).
2018-04-09 11:30:06.348 INFO  [restartedMain] o.s.c.s.DefaultLifecycleProcessor - Starting beans in phase 0
2018-04-09 11:30:06.354 INFO  [restartedMain] o.s.c.n.eureka.InstanceInfoFactory - Setting initial instance status as: STARTING
2018-04-09 11:30:07.462 INFO  [restartedMain] c.n.discovery.InstanceInfoReplicator - InstanceInfoReplicator onDemand update allowed rate per min is 4
2018-04-09 11:30:07.502 INFO  [restartedMain] o.s.c.n.e.s.EurekaServiceRegistry - Registering application erp-product with eureka with status UP
2018-04-09 11:30:07.563 INFO  [restartedMain] o.s.i.endpoint.EventDrivenConsumer - Adding {logging-channel-adapter:_org.springframework.integration.errorLogger} as a subscriber to the 'errorChannel' channel
2018-04-09 11:30:07.563 INFO  [restartedMain] o.s.i.c.PublishSubscribeChannel - Channel 'erp-product:8781.errorChannel' has 1 subscriber(s).
2018-04-09 11:30:07.564 INFO  [restartedMain] o.s.i.endpoint.EventDrivenConsumer - started _org.springframework.integration.errorLogger
2018-04-09 11:30:07.572 INFO  [restartedMain] o.s.i.e.SourcePollingChannelAdapter - started sleuthStreamSpanReporter.poll.inboundChannelAdapter
2018-04-09 11:30:07.572 INFO  [restartedMain] o.s.c.s.DefaultLifecycleProcessor - Starting beans in phase 2147482647
2018-04-09 11:30:07.572 INFO  [restartedMain] o.s.c.s.DefaultLifecycleProcessor - Starting beans in phase 2147483647
2018-04-09 11:30:07.577 INFO  [restartedMain] o.s.c.n.h.HystrixCircuitBreakerConfiguration$HystrixMetricsPollerConfiguration - Starting poller
2018-04-09 11:30:07.601 INFO  [restartedMain] o.a.coyote.http11.Http11NioProtocol - Initializing ProtocolHandler ["http-nio-8781"]
2018-04-09 11:30:07.611 INFO  [restartedMain] o.a.coyote.http11.Http11NioProtocol - Starting ProtocolHandler ["http-nio-8781"]
2018-04-09 11:30:07.622 INFO  [restartedMain] o.a.tomcat.util.net.NioSelectorPool - Using a shared selector for servlet write/read
2018-04-09 11:30:07.641 INFO  [restartedMain] o.s.b.c.e.t.TomcatEmbeddedServletContainer - Tomcat started on port(s): 8781 (http)
2018-04-09 11:30:07.641 INFO  [restartedMain] o.s.c.n.e.s.EurekaAutoServiceRegistration - Updating port to 8781
2018-04-09 11:30:07.646 INFO  [restartedMain] c.s.e.p.ProductServiceApplication - Started ProductServiceApplication in 101.832 seconds (JVM running for 102.695)
2018-04-09 11:30:07.937 INFO  [DiscoveryClient-InstanceInfoReplicator-0] c.alibaba.druid.pool.DruidDataSource - {dataSource-1} inited
2018-04-09 11:30:07.968 INFO  [restartedMain] c.s.e.p.ProductServiceApplication - server start
2018-04-09 11:30:26.303 INFO  [http-nio-8781-exec-1] o.s.web.servlet.DispatcherServlet - FrameworkServlet 'dispatcherServlet': initialization started
2018-04-09 11:30:26.350 INFO  [http-nio-8781-exec-1] o.s.web.servlet.DispatcherServlet - FrameworkServlet 'dispatcherServlet': initialization completed in 47 ms
2018-04-09 11:30:26.603 INFO  [task-scheduler-9] o.s.i.c.kryo.CompositeKryoRegistrar - registering [40, java.io.File] with serializer org.springframework.integration.codec.kryo.FileSerializer
2018-04-09 17:40:55.287 INFO  [main] o.s.c.a.AnnotationConfigApplicationContext - Refreshing org.springframework.context.annotation.AnnotationConfigApplicationContext@2c104774: startup date [Mon Apr 09 17:40:55 CST 2018]; root of context hierarchy
2018-04-09 17:40:55.387 INFO  [background-preinit] o.h.validator.internal.util.Version - HV000001: Hibernate Validator 5.3.6.Final
2018-04-09 17:40:55.534 INFO  [main] o.s.b.f.a.AutowiredAnnotationBeanPostProcessor - JSR-330 'javax.inject.Inject' annotation found and supported for autowiring
2018-04-09 17:40:56.038 INFO  [main] o.s.c.c.c.ConfigServicePropertySourceLocator - Fetching config from server at: http://10.20.0.131:8763/
2018-04-09 17:40:56.348 INFO  [main] o.s.c.c.c.ConfigServicePropertySourceLocator - Located environment: name=erp-sys, profiles=[dev], label=master, version=5c43b33115804be4f736ff9fa51814125d3af0d5, state=null
2018-04-09 17:40:56.348 INFO  [main] o.s.c.b.c.PropertySourceBootstrapConfiguration - Located property source: CompositePropertySource [name='configService', propertySources=[MapPropertySource [name='configClient'], MapPropertySource [name='http://gitlab.sunvalley.com.cn/soft-dev/env-config.git/dev/erp-sys-dev.yml']]]
2018-04-09 17:40:56.395 INFO  [main] c.s.erp.sys.SysServiceApplication - No active profile set, falling back to default profiles: default
2018-04-09 17:40:56.412 INFO  [main] o.s.b.c.e.AnnotationConfigEmbeddedWebApplicationContext - Refreshing org.springframework.boot.context.embedded.AnnotationConfigEmbeddedWebApplicationContext@2f651f93: startup date [Mon Apr 09 17:40:56 CST 2018]; parent: org.springframework.context.annotation.AnnotationConfigApplicationContext@2c104774
2018-04-09 17:40:57.282 INFO  [main] o.s.i.config.IntegrationRegistrar - No bean named 'integrationHeaderChannelRegistry' has been explicitly defined. Therefore, a default DefaultHeaderChannelRegistry will be created.
2018-04-09 17:40:57.619 INFO  [main] o.s.cloud.context.scope.GenericScope - BeanFactory id=8061ae6f-f8e5-3232-bfa9-d824b76899d1
2018-04-09 17:40:57.632 INFO  [main] o.s.i.c.DefaultConfiguringBeanFactoryPostProcessor - No bean named 'errorChannel' has been explicitly defined. Therefore, a default PublishSubscribeChannel will be created.
2018-04-09 17:40:57.635 INFO  [main] o.s.i.c.DefaultConfiguringBeanFactoryPostProcessor - No bean named 'taskScheduler' has been explicitly defined. Therefore, a default ThreadPoolTaskScheduler will be created.
2018-04-09 17:40:57.644 INFO  [main] o.s.b.f.a.AutowiredAnnotationBeanPostProcessor - JSR-330 'javax.inject.Inject' annotation found and supported for autowiring
2018-04-09 17:40:58.664 INFO  [main] o.s.b.c.e.t.TomcatEmbeddedServletContainer - Tomcat initialized with port(s): 8793 (http)
2018-04-09 17:41:01.708 INFO  [localhost-startStop-1] o.s.b.w.s.ServletRegistrationBean - Mapping servlet: 'dispatcherServlet' to [/]
2018-04-09 17:41:01.709 INFO  [localhost-startStop-1] o.s.b.w.s.ServletRegistrationBean - Mapping servlet: 'statViewServlet' to [/druid/*]
2018-04-09 17:41:02.648 INFO  [main] o.s.c.a.AnnotationConfigApplicationContext - Refreshing org.springframework.context.annotation.AnnotationConfigApplicationContext@45d38165: startup date [Mon Apr 09 17:41:02 CST 2018]; parent: org.springframework.boot.context.embedded.AnnotationConfigEmbeddedWebApplicationContext@2f651f93
2018-04-09 17:41:02.660 INFO  [main] o.s.b.f.a.AutowiredAnnotationBeanPostProcessor - JSR-330 'javax.inject.Inject' annotation found and supported for autowiring
2018-04-09 17:41:03.495 INFO  [main] o.s.c.a.AnnotationConfigApplicationContext - Refreshing org.springframework.context.annotation.AnnotationConfigApplicationContext@25c8c71e: startup date [Mon Apr 09 17:41:03 CST 2018]; parent: org.springframework.boot.context.embedded.AnnotationConfigEmbeddedWebApplicationContext@2f651f93
2018-04-09 17:41:03.506 INFO  [main] o.s.b.f.a.AutowiredAnnotationBeanPostProcessor - JSR-330 'javax.inject.Inject' annotation found and supported for autowiring
2018-04-09 17:41:03.749 INFO  [main] c.n.c.sources.URLConfigurationSource - To enable URLs as dynamic configuration sources, define System property archaius.configurationSource.additionalUrls or make config.properties available on classpath.
2018-04-09 17:41:03.752 INFO  [main] c.n.config.DynamicPropertyFactory - DynamicPropertyFactory is initialized with configuration sources: com.netflix.config.ConcurrentCompositeConfiguration@320ba79f
2018-04-09 17:41:04.039 INFO  [main] o.s.w.s.m.m.a.RequestMappingHandlerAdapter - Looking for @ControllerAdvice: org.springframework.boot.context.embedded.AnnotationConfigEmbeddedWebApplicationContext@2f651f93: startup date [Mon Apr 09 17:40:56 CST 2018]; parent: org.springframework.context.annotation.AnnotationConfigApplicationContext@2c104774
2018-04-09 17:41:04.177 INFO  [main] o.s.w.s.m.m.a.RequestMappingHandlerMapping - Mapped "{[/dic/groupListByDeptId/{parentId}]}" onto public com.sunvalley.erp.common.vo.BaseReturnVO com.sunvalley.erp.sys.controller.DicController.getGroupList(int)
2018-04-09 17:41:04.178 INFO  [main] o.s.w.s.m.m.a.RequestMappingHandlerMapping - Mapped "{[/dic/getVersionNo]}" onto public com.sunvalley.erp.common.vo.BaseReturnVO com.sunvalley.erp.sys.controller.DicController.getCurrentVersionNo()
2018-04-09 17:41:04.178 INFO  [main] o.s.w.s.m.m.a.RequestMappingHandlerMapping - Mapped "{[/dic/getPlanCountryList]}" onto public com.sunvalley.erp.common.vo.BaseReturnVO com.sunvalley.erp.sys.controller.DicController.getPlanCountryList()
2018-04-09 17:41:04.178 INFO  [main] o.s.w.s.m.m.a.RequestMappingHandlerMapping - Mapped "{[/dic/getPlanCountryListOption]}" onto public com.sunvalley.erp.common.vo.BaseReturnVO com.sunvalley.erp.sys.controller.DicController.getPlanCountryListOption()
2018-04-09 17:41:04.178 INFO  [main] o.s.w.s.m.m.a.RequestMappingHandlerMapping - Mapped "{[/dic/getProductTypeList]}" onto public com.sunvalley.erp.common.vo.BaseReturnVO com.sunvalley.erp.sys.controller.DicController.getProductTypeList()
2018-04-09 17:41:04.178 INFO  [main] o.s.w.s.m.m.a.RequestMappingHandlerMapping - Mapped "{[/dic/getDevelopmentType]}" onto public com.sunvalley.erp.common.vo.BaseReturnVO com.sunvalley.erp.sys.controller.DicController.getDevelopmentType()
2018-04-09 17:41:04.178 INFO  [main] o.s.w.s.m.m.a.RequestMappingHandlerMapping - Mapped "{[/dic/getProjectStatusList]}" onto public com.sunvalley.erp.common.vo.BaseReturnVO com.sunvalley.erp.sys.controller.DicController.getProjectStatusList()
2018-04-09 17:41:04.179 INFO  [main] o.s.w.s.m.m.a.RequestMappingHandlerMapping - Mapped "{[/dic/getProductGroupList]}" onto public com.sunvalley.erp.common.vo.BaseReturnVO com.sunvalley.erp.sys.controller.DicController.getProductGroupList()
2018-04-09 17:41:04.179 INFO  [main] o.s.w.s.m.m.a.RequestMappingHandlerMapping - Mapped "{[/dic/getQcTestRstStatus]}" onto public com.sunvalley.erp.common.vo.BaseReturnVO com.sunvalley.erp.sys.controller.DicController.getQcTestRstStatus()
2018-04-09 17:41:04.179 INFO  [main] o.s.w.s.m.m.a.RequestMappingHandlerMapping - Mapped "{[/dic/getProductLineList]}" onto public com.sunvalley.erp.common.vo.BaseReturnVO com.sunvalley.erp.sys.controller.DicController.getProductLineList()
2018-04-09 17:41:04.179 INFO  [main] o.s.w.s.m.m.a.RequestMappingHandlerMapping - Mapped "{[/dic/custmerGroupBy]}" onto public com.sunvalley.erp.common.vo.BaseReturnVO com.sunvalley.erp.sys.controller.DicController.getCustmerGroupBy()
2018-04-09 17:41:04.179 INFO  [main] o.s.w.s.m.m.a.RequestMappingHandlerMapping - Mapped "{[/dic/getSkuListByModel]}" onto public com.sunvalley.erp.common.vo.BaseReturnVO com.sunvalley.erp.sys.controller.DicController.getSkuListByModel(java.lang.String)
2018-04-09 17:41:04.181 INFO  [main] o.s.w.s.m.m.a.RequestMappingHandlerMapping - Mapped "{[/dic/getRmaReasonCatList]}" onto public com.sunvalley.erp.common.vo.BaseReturnVO com.sunvalley.erp.sys.controller.DicController.getRmaReasonCategoryList()
2018-04-09 17:41:04.181 INFO  [main] o.s.w.s.m.m.a.RequestMappingHandlerMapping - Mapped "{[/dic/getNGReasonList]}" onto public com.sunvalley.erp.common.vo.BaseReturnVO com.sunvalley.erp.sys.controller.DicController.getNgReasonByCategory(java.lang.String)
2018-04-09 17:41:04.181 INFO  [main] o.s.w.s.m.m.a.RequestMappingHandlerMapping - Mapped "{[/dic/getYesNo]}" onto public com.sunvalley.erp.common.vo.BaseReturnVO com.sunvalley.erp.sys.controller.DicController.getYesNo()
2018-04-09 17:41:04.182 INFO  [main] o.s.w.s.m.m.a.RequestMappingHandlerMapping - Mapped "{[/dic/getCmByModelId]}" onto public com.sunvalley.erp.common.vo.BaseReturnVO com.sunvalley.erp.sys.controller.DicController.getCmByModelId(java.lang.String)
2018-04-09 17:41:04.182 INFO  [main] o.s.w.s.m.m.a.RequestMappingHandlerMapping - Mapped "{[/dic/getSoStoreList]}" onto public com.sunvalley.erp.common.vo.BaseReturnVO com.sunvalley.erp.sys.controller.DicController.getSoStoreList()
2018-04-09 17:41:04.182 INFO  [main] o.s.w.s.m.m.a.RequestMappingHandlerMapping - Mapped "{[/dic/getCmList]}" onto public com.sunvalley.erp.common.vo.BaseReturnVO com.sunvalley.erp.sys.controller.DicController.getCmList()
2018-04-09 17:41:04.182 INFO  [main] o.s.w.s.m.m.a.RequestMappingHandlerMapping - Mapped "{[/dic/getRate]}" onto public com.sunvalley.erp.common.vo.BaseReturnVO com.sunvalley.erp.sys.controller.DicController.getRate()
2018-04-09 17:41:04.182 INFO  [main] o.s.w.s.m.m.a.RequestMappingHandlerMapping - Mapped "{[/dic/getPmList]}" onto public com.sunvalley.erp.common.vo.BaseReturnVO com.sunvalley.erp.sys.controller.DicController.getPmList()
2018-04-09 17:41:04.182 INFO  [main] o.s.w.s.m.m.a.RequestMappingHandlerMapping - Mapped "{[/dic/getSysUserList]}" onto public com.sunvalley.erp.common.vo.BaseReturnVO com.sunvalley.erp.sys.controller.DicController.getSysUserList()
2018-04-09 17:41:04.182 INFO  [main] o.s.w.s.m.m.a.RequestMappingHandlerMapping - Mapped "{[/dic/getWarehouseList]}" onto public com.sunvalley.erp.common.vo.BaseReturnVO com.sunvalley.erp.sys.controller.DicController.getWarehouseList()
2018-04-09 17:41:04.182 INFO  [main] o.s.w.s.m.m.a.RequestMappingHandlerMapping - Mapped "{[/dic/getWarehouseList/{level}]}" onto public com.sunvalley.erp.common.vo.BaseReturnVO com.sunvalley.erp.sys.controller.DicController.getWarehouseList(int)
2018-04-09 17:41:04.183 INFO  [main] o.s.w.s.m.m.a.RequestMappingHandlerMapping - Mapped "{[/dic/getDisposition]}" onto public com.sunvalley.erp.common.vo.BaseReturnVO com.sunvalley.erp.sys.controller.DicController.getDisposition()
2018-04-09 17:41:04.183 INFO  [main] o.s.w.s.m.m.a.RequestMappingHandlerMapping - Mapped "{[/dic/getQcTestGroupBy]}" onto public com.sunvalley.erp.common.vo.BaseReturnVO com.sunvalley.erp.sys.controller.DicController.getQcTestGroupBy()
2018-04-09 17:41:04.183 INFO  [main] o.s.w.s.m.m.a.RequestMappingHandlerMapping - Mapped "{[/dic/getSourceList]}" onto public com.sunvalley.erp.common.vo.BaseReturnVO com.sunvalley.erp.sys.controller.DicController.getSourceList()
2018-04-09 17:41:04.183 INFO  [main] o.s.w.s.m.m.a.RequestMappingHandlerMapping - Mapped "{[/dic/getChannelList]}" onto public com.sunvalley.erp.common.vo.BaseReturnVO com.sunvalley.erp.sys.controller.DicController.getChannelList()
2018-04-09 17:41:04.183 INFO  [main] o.s.w.s.m.m.a.RequestMappingHandlerMapping - Mapped "{[/dic/getFBAList]}" onto public com.sunvalley.erp.common.vo.BaseReturnVO com.sunvalley.erp.sys.controller.DicController.getFBAList()
2018-04-09 17:41:04.183 INFO  [main] o.s.w.s.m.m.a.RequestMappingHandlerMapping - Mapped "{[/dic/getRoadmapList]}" onto public com.sunvalley.erp.common.vo.BaseReturnVO com.sunvalley.erp.sys.controller.DicController.getRoadmapList()
2018-04-09 17:41:04.183 INFO  [main] o.s.w.s.m.m.a.RequestMappingHandlerMapping - Mapped "{[/dic/getQcTestResult]}" onto public com.sunvalley.erp.common.vo.BaseReturnVO com.sunvalley.erp.sys.controller.DicController.getQcTestResult()
2018-04-09 17:41:04.184 INFO  [main] o.s.w.s.m.m.a.RequestMappingHandlerMapping - Mapped "{[/dic/salesDeptList]}" onto public com.sunvalley.erp.common.vo.BaseReturnVO com.sunvalley.erp.sys.controller.DicController.getSaleDeptList()
2018-04-09 17:41:04.184 INFO  [main] o.s.w.s.m.m.a.RequestMappingHandlerMapping - Mapped "{[/dic/getPeriodGroupBy]}" onto public com.sunvalley.erp.common.vo.BaseReturnVO com.sunvalley.erp.sys.controller.DicController.getPeriodGroupBy()
2018-04-09 17:41:04.184 INFO  [main] o.s.w.s.m.m.a.RequestMappingHandlerMapping - Mapped "{[/dic/getModelList]}" onto public com.sunvalley.erp.common.vo.BaseReturnVO com.sunvalley.erp.sys.controller.DicController.getModelList(java.lang.String)
2018-04-09 17:41:04.184 INFO  [main] o.s.w.s.m.m.a.RequestMappingHandlerMapping - Mapped "{[/dic/getUserList]}" onto public com.sunvalley.erp.common.vo.BaseReturnVO com.sunvalley.erp.sys.controller.DicController.getUserList(java.lang.String)
2018-04-09 17:41:04.184 INFO  [main] o.s.w.s.m.m.a.RequestMappingHandlerMapping - Mapped "{[/dic/getSkuList]}" onto public com.sunvalley.erp.common.vo.BaseReturnVO com.sunvalley.erp.sys.controller.DicController.getSkuList(java.lang.String)
2018-04-09 17:41:04.184 INFO  [main] o.s.w.s.m.m.a.RequestMappingHandlerMapping - Mapped "{[/index]}" onto public com.sunvalley.erp.common.vo.BaseReturnVO com.sunvalley.erp.sys.controller.HomeController.index()
2018-04-09 17:41:04.185 INFO  [main] o.s.w.s.m.m.a.RequestMappingHandlerMapping - Mapped "{[/page/getData]}" onto public com.sunvalley.erp.common.vo.BaseReturnVO com.sunvalley.erp.sys.controller.PageController.getData(com.sunvalley.erp.sys.vo.QueryPageVO)
2018-04-09 17:41:04.185 INFO  [main] o.s.w.s.m.m.a.RequestMappingHandlerMapping - Mapped "{[/page/getParam]}" onto public com.sunvalley.erp.common.vo.BaseReturnVO com.sunvalley.erp.sys.controller.PageController.getParam(java.lang.String)
2018-04-09 17:41:04.185 INFO  [main] o.s.w.s.m.m.a.RequestMappingHandlerMapping - Mapped "{[/page/getExport]}" onto public void com.sunvalley.erp.sys.controller.PageController.getExport(javax.servlet.http.HttpServletResponse,com.sunvalley.erp.sys.vo.QueryPageVO) throws java.lang.Exception
2018-04-09 17:41:04.185 INFO  [main] o.s.w.s.m.m.a.RequestMappingHandlerMapping - Mapped "{[/sequence/getNextSeq]}" onto public com.sunvalley.erp.common.vo.BaseReturnVO com.sunvalley.erp.sys.controller.SequenceController.getNextSeq(java.lang.String)
2018-04-09 17:41:04.187 INFO  [main] o.s.w.s.m.m.a.RequestMappingHandlerMapping - Mapped "{[/error]}" onto public org.springframework.http.ResponseEntity<java.util.Map<java.lang.String, java.lang.Object>> org.springframework.boot.autoconfigure.web.BasicErrorController.error(javax.servlet.http.HttpServletRequest)
2018-04-09 17:41:04.188 INFO  [main] o.s.w.s.m.m.a.RequestMappingHandlerMapping - Mapped "{[/error],produces=[text/html]}" onto public org.springframework.web.servlet.ModelAndView org.springframework.boot.autoconfigure.web.BasicErrorController.errorHtml(javax.servlet.http.HttpServletRequest,javax.servlet.http.HttpServletResponse)
2018-04-09 17:41:04.339 INFO  [main] o.s.w.s.m.m.a.ExceptionHandlerExceptionResolver - Detected @ExceptionHandler methods in com.sunvalley.erp.common.aop.ExceptionAdvice
2018-04-09 17:41:04.405 INFO  [main] o.s.w.s.h.SimpleUrlHandlerMapping - Mapped URL path [/**/favicon.ico] onto handler of type [class org.springframework.web.servlet.resource.ResourceHttpRequestHandler]
2018-04-09 17:41:05.234 INFO  [main] o.s.s.c.ThreadPoolTaskScheduler - Initializing ExecutorService  'taskScheduler'
2018-04-09 17:42:49.190 INFO  [main] c.n.c.sources.URLConfigurationSource - To enable URLs as dynamic configuration sources, define System property archaius.configurationSource.additionalUrls or make config.properties available on classpath.
2018-04-09 17:42:49.519 INFO  [main] o.s.s.c.ThreadPoolTaskScheduler - Initializing ExecutorService 
2018-04-09 17:42:49.660 INFO  [main] o.s.i.c.kryo.CompositeKryoRegistrar - configured Kryo registration [40, java.io.File] with serializer org.springframework.integration.codec.kryo.FileSerializer
2018-04-09 17:42:50.194 INFO  [main] o.s.i.m.IntegrationMBeanExporter - Registering beans for JMX exposure on startup
2018-04-09 17:42:50.194 INFO  [main] o.s.i.m.IntegrationMBeanExporter - Registering MessageChannel sleuth
2018-04-09 17:42:50.197 INFO  [main] o.s.i.m.IntegrationMBeanExporter - Located managed bean 'org.springframework.integration:type=MessageChannel,name=sleuth': registering with JMX server as MBean [org.springframework.integration:type=MessageChannel,name=sleuth]
2018-04-09 17:42:50.226 INFO  [main] o.s.i.m.IntegrationMBeanExporter - Registering MessageChannel nullChannel
2018-04-09 17:42:50.228 INFO  [main] o.s.i.m.IntegrationMBeanExporter - Located managed bean 'org.springframework.integration:type=MessageChannel,name=nullChannel': registering with JMX server as MBean [org.springframework.integration:type=MessageChannel,name=nullChannel]
2018-04-09 17:42:50.233 INFO  [main] o.s.i.m.IntegrationMBeanExporter - Registering MessageChannel errorChannel
2018-04-09 17:42:50.235 INFO  [main] o.s.i.m.IntegrationMBeanExporter - Located managed bean 'org.springframework.integration:type=MessageChannel,name=errorChannel': registering with JMX server as MBean [org.springframework.integration:type=MessageChannel,name=errorChannel]
2018-04-09 17:42:50.265 INFO  [main] o.s.i.m.IntegrationMBeanExporter - Registering MessageHandler errorLogger
2018-04-09 17:42:50.267 INFO  [main] o.s.i.m.IntegrationMBeanExporter - Located managed bean 'org.springframework.integration:type=MessageHandler,name=errorLogger,bean=internal': registering with JMX server as MBean [org.springframework.integration:type=MessageHandler,name=errorLogger,bean=internal]
2018-04-09 17:42:50.281 INFO  [main] o.s.i.m.IntegrationMBeanExporter - Registering MessageSource sleuthStreamSpanReporter.poll.inboundChannelAdapter
2018-04-09 17:42:50.283 INFO  [main] o.s.i.m.IntegrationMBeanExporter - Located managed bean 'org.springframework.integration:type=MessageSource,name=sleuthStreamSpanReporter.poll.inboundChannelAdapter,bean=endpoint': registering with JMX server as MBean [org.springframework.integration:type=MessageSource,name=sleuthStreamSpanReporter.poll.inboundChannelAdapter,bean=endpoint]
2018-04-09 17:42:51.742 INFO  [main] o.s.c.s.DefaultLifecycleProcessor - Starting beans in phase -2147482648
2018-04-09 17:42:51.899 INFO  [main] o.s.c.c.c.ConfigServicePropertySourceLocator - Fetching config from server at: http://10.20.0.131:8763/
2018-04-09 17:42:52.149 INFO  [main] o.s.c.c.c.ConfigServicePropertySourceLocator - Located environment: name=erp-sys, profiles=[dev], label=master, version=5c43b33115804be4f736ff9fa51814125d3af0d5, state=null
2018-04-09 17:42:52.150 INFO  [main] o.s.c.b.c.PropertySourceBootstrapConfiguration - Located property source: CompositePropertySource [name='configService', propertySources=[MapPropertySource [name='configClient'], MapPropertySource [name='http://gitlab.sunvalley.com.cn/soft-dev/env-config.git/dev/erp-sys-dev.yml']]]
2018-04-09 17:42:52.165 INFO  [main] c.s.erp.sys.SysServiceApplication - No active profile set, falling back to default profiles: default
2018-04-09 17:42:52.168 INFO  [main] o.s.c.a.AnnotationConfigApplicationContext - Refreshing org.springframework.context.annotation.AnnotationConfigApplicationContext@5c7ba702: startup date [Mon Apr 09 17:42:52 CST 2018]; parent: org.springframework.boot.context.embedded.AnnotationConfigEmbeddedWebApplicationContext@2f651f93
2018-04-09 17:42:52.202 INFO  [main] o.s.b.f.a.AutowiredAnnotationBeanPostProcessor - JSR-330 'javax.inject.Inject' annotation found and supported for autowiring
2018-04-09 17:42:52.270 INFO  [main] o.s.c.s.GenericApplicationContext - Refreshing org.springframework.context.support.GenericApplicationContext@18681121: startup date [Mon Apr 09 17:42:52 CST 2018]; root of context hierarchy
2018-04-09 17:42:52.310 INFO  [main] c.s.erp.sys.SysServiceApplication - Started SysServiceApplication in 0.55 seconds (JVM running for 118.956)
2018-04-09 17:42:52.348 INFO  [main] o.s.a.r.c.CachingConnectionFactory - Attempting to connect to: [10.20.0.153:5672]
2018-04-09 17:42:52.373 INFO  [main] o.s.a.r.c.CachingConnectionFactory - Created new connection: rabbitConnectionFactory#57235833:0/SimpleConnection@3d876f9e [delegate=amqp://rabbitmq@10.20.0.153:5672/, localPort= 51277]
2018-04-09 17:42:52.407 INFO  [main] o.s.i.channel.DirectChannel - Channel 'erp-sys:8793.sleuth' has 1 subscriber(s).
2018-04-09 17:42:52.408 INFO  [main] o.s.c.s.DefaultLifecycleProcessor - Starting beans in phase 0
2018-04-09 17:42:52.415 INFO  [main] o.s.c.n.eureka.InstanceInfoFactory - Setting initial instance status as: STARTING
2018-04-09 17:42:52.822 INFO  [main] c.n.d.p.DiscoveryJerseyProvider - Using JSON encoding codec LegacyJacksonJson
2018-04-09 17:42:52.822 INFO  [main] c.n.d.p.DiscoveryJerseyProvider - Using JSON decoding codec LegacyJacksonJson
2018-04-09 17:42:52.907 INFO  [main] c.n.d.p.DiscoveryJerseyProvider - Using XML encoding codec XStreamXml
2018-04-09 17:42:52.907 INFO  [main] c.n.d.p.DiscoveryJerseyProvider - Using XML decoding codec XStreamXml
2018-04-09 17:42:53.097 INFO  [main] c.n.d.s.r.aws.ConfigClusterResolver - Resolving eureka endpoints via configuration
2018-04-09 17:42:53.256 INFO  [main] c.n.discovery.InstanceInfoReplicator - InstanceInfoReplicator onDemand update allowed rate per min is 4
2018-04-09 17:42:53.291 INFO  [main] o.s.c.n.e.s.EurekaServiceRegistry - Registering application erp-sys with eureka with status UP
2018-04-09 17:42:53.350 INFO  [main] o.s.i.endpoint.EventDrivenConsumer - Adding {logging-channel-adapter:_org.springframework.integration.errorLogger} as a subscriber to the 'errorChannel' channel
2018-04-09 17:42:53.350 INFO  [main] o.s.i.c.PublishSubscribeChannel - Channel 'erp-sys:8793.errorChannel' has 1 subscriber(s).
2018-04-09 17:42:53.351 INFO  [main] o.s.i.endpoint.EventDrivenConsumer - started _org.springframework.integration.errorLogger
2018-04-09 17:42:53.360 INFO  [main] o.s.i.e.SourcePollingChannelAdapter - started sleuthStreamSpanReporter.poll.inboundChannelAdapter
2018-04-09 17:42:53.360 INFO  [main] o.s.c.s.DefaultLifecycleProcessor - Starting beans in phase 2147482647
2018-04-09 17:42:53.360 INFO  [main] o.s.c.s.DefaultLifecycleProcessor - Starting beans in phase 2147483647
2018-04-09 17:42:53.364 INFO  [main] o.s.c.n.h.HystrixCircuitBreakerConfiguration$HystrixMetricsPollerConfiguration - Starting poller
2018-04-09 17:42:53.390 INFO  [main] o.a.coyote.http11.Http11NioProtocol - Initializing ProtocolHandler ["http-nio-8793"]
2018-04-09 17:42:53.399 INFO  [main] o.a.coyote.http11.Http11NioProtocol - Starting ProtocolHandler ["http-nio-8793"]
2018-04-09 17:42:53.408 INFO  [main] o.a.tomcat.util.net.NioSelectorPool - Using a shared selector for servlet write/read
2018-04-09 17:42:53.429 INFO  [main] o.s.b.c.e.t.TomcatEmbeddedServletContainer - Tomcat started on port(s): 8793 (http)
2018-04-09 17:42:53.431 INFO  [main] o.s.c.n.e.s.EurekaAutoServiceRegistration - Updating port to 8793
2018-04-09 17:42:53.439 INFO  [main] c.s.erp.sys.SysServiceApplication - Started SysServiceApplication in 118.633 seconds (JVM running for 120.085)
2018-04-09 17:42:53.440 INFO  [main] c.s.erp.sys.SysServiceApplication - server start
2018-04-09 17:42:53.818 INFO  [DiscoveryClient-InstanceInfoReplicator-0] c.alibaba.druid.pool.DruidDataSource - {dataSource-1} inited
2018-04-09 17:42:53.840 INFO  [DiscoveryClient-InstanceInfoReplicator-0] o.s.c.c.c.ConfigServicePropertySourceLocator - Fetching config from server at: http://10.20.0.131:8763/
2018-04-09 17:42:54.004 INFO  [RMI TCP Connection(11)-10.30.1.247] o.s.c.c.c.ConfigServicePropertySourceLocator - Fetching config from server at: http://10.20.0.131:8763/
2018-04-09 17:42:54.060 INFO  [DiscoveryClient-InstanceInfoReplicator-0] o.s.c.c.c.ConfigServicePropertySourceLocator - Located environment: name=erp-sys, profiles=[dev], label=master, version=5c43b33115804be4f736ff9fa51814125d3af0d5, state=null
2018-04-09 17:42:54.271 INFO  [RMI TCP Connection(11)-10.30.1.247] o.s.c.c.c.ConfigServicePropertySourceLocator - Located environment: name=erp-sys, profiles=[dev], label=master, version=5c43b33115804be4f736ff9fa51814125d3af0d5, state=null
2018-04-09 17:46:45.809 INFO  [http-nio-8793-exec-7] o.s.web.servlet.DispatcherServlet - FrameworkServlet 'dispatcherServlet': initialization started
2018-04-09 17:46:45.860 INFO  [http-nio-8793-exec-7] o.s.web.servlet.DispatcherServlet - FrameworkServlet 'dispatcherServlet': initialization completed in 51 ms
2018-04-09 17:46:46.573 INFO  [task-scheduler-3] o.s.i.c.kryo.CompositeKryoRegistrar - registering [40, java.io.File] with serializer org.springframework.integration.codec.kryo.FileSerializer
2018-04-09 17:48:18.152 INFO  [AsyncResolver-bootstrap-executor-0] c.n.d.s.r.aws.ConfigClusterResolver - Resolving eureka endpoints via configuration
2018-04-09 17:48:18.187 INFO  [DiscoveryClient-InstanceInfoReplicator-0] o.s.c.c.c.ConfigServicePropertySourceLocator - Fetching config from server at: http://10.20.0.131:8763/
2018-04-09 17:48:18.428 INFO  [DiscoveryClient-InstanceInfoReplicator-0] o.s.c.c.c.ConfigServicePropertySourceLocator - Located environment: name=erp-sys, profiles=[dev], label=master, version=5c43b33115804be4f736ff9fa51814125d3af0d5, state=null
2018-04-09 17:53:18.165 INFO  [AsyncResolver-bootstrap-executor-0] c.n.d.s.r.aws.ConfigClusterResolver - Resolving eureka endpoints via configuration
2018-04-09 17:53:18.463 INFO  [DiscoveryClient-InstanceInfoReplicator-0] o.s.c.c.c.ConfigServicePropertySourceLocator - Fetching config from server at: http://10.20.0.131:8763/
2018-04-09 17:53:18.677 INFO  [DiscoveryClient-InstanceInfoReplicator-0] o.s.c.c.c.ConfigServicePropertySourceLocator - Located environment: name=erp-sys, profiles=[dev], label=master, version=5c43b33115804be4f736ff9fa51814125d3af0d5, state=null
2018-04-09 17:58:18.177 INFO  [AsyncResolver-bootstrap-executor-0] c.n.d.s.r.aws.ConfigClusterResolver - Resolving eureka endpoints via configuration
2018-04-09 17:58:18.711 INFO  [DiscoveryClient-InstanceInfoReplicator-0] o.s.c.c.c.ConfigServicePropertySourceLocator - Fetching config from server at: http://10.20.0.131:8763/
2018-04-09 17:58:18.941 INFO  [DiscoveryClient-InstanceInfoReplicator-0] o.s.c.c.c.ConfigServicePropertySourceLocator - Located environment: name=erp-sys, profiles=[dev], label=master, version=5c43b33115804be4f736ff9fa51814125d3af0d5, state=null
2018-04-09 18:03:18.189 INFO  [AsyncResolver-bootstrap-executor-0] c.n.d.s.r.aws.ConfigClusterResolver - Resolving eureka endpoints via configuration
2018-04-09 18:03:18.981 INFO  [DiscoveryClient-InstanceInfoReplicator-0] o.s.c.c.c.ConfigServicePropertySourceLocator - Fetching config from server at: http://10.20.0.131:8763/
2018-04-09 18:03:19.254 INFO  [DiscoveryClient-InstanceInfoReplicator-0] o.s.c.c.c.ConfigServicePropertySourceLocator - Located environment: name=erp-sys, profiles=[dev], label=master, version=5c43b33115804be4f736ff9fa51814125d3af0d5, state=null
2018-04-09 18:08:18.201 INFO  [AsyncResolver-bootstrap-executor-0] c.n.d.s.r.aws.ConfigClusterResolver - Resolving eureka endpoints via configuration
2018-04-09 18:08:19.299 INFO  [DiscoveryClient-InstanceInfoReplicator-0] o.s.c.c.c.ConfigServicePropertySourceLocator - Fetching config from server at: http://10.20.0.131:8763/
2018-04-09 18:08:19.558 INFO  [DiscoveryClient-InstanceInfoReplicator-0] o.s.c.c.c.ConfigServicePropertySourceLocator - Located environment: name=erp-sys, profiles=[dev], label=master, version=5c43b33115804be4f736ff9fa51814125d3af0d5, state=null
2018-04-09 18:13:18.213 INFO  [AsyncResolver-bootstrap-executor-0] c.n.d.s.r.aws.ConfigClusterResolver - Resolving eureka endpoints via configuration
2018-04-09 18:13:19.599 INFO  [DiscoveryClient-InstanceInfoReplicator-0] o.s.c.c.c.ConfigServicePropertySourceLocator - Fetching config from server at: http://10.20.0.131:8763/
2018-04-09 18:13:19.888 INFO  [DiscoveryClient-InstanceInfoReplicator-0] o.s.c.c.c.ConfigServicePropertySourceLocator - Located environment: name=erp-sys, profiles=[dev], label=master, version=5c43b33115804be4f736ff9fa51814125d3af0d5, state=null
2018-04-09 18:18:18.225 INFO  [AsyncResolver-bootstrap-executor-0] c.n.d.s.r.aws.ConfigClusterResolver - Resolving eureka endpoints via configuration
2018-04-09 18:18:19.925 INFO  [DiscoveryClient-InstanceInfoReplicator-0] o.s.c.c.c.ConfigServicePropertySourceLocator - Fetching config from server at: http://10.20.0.131:8763/
2018-04-09 18:18:20.213 INFO  [DiscoveryClient-InstanceInfoReplicator-0] o.s.c.c.c.ConfigServicePropertySourceLocator - Located environment: name=erp-sys, profiles=[dev], label=master, version=5c43b33115804be4f736ff9fa51814125d3af0d5, state=null
2018-04-09 18:23:18.339 INFO  [AsyncResolver-bootstrap-executor-0] c.n.d.s.r.aws.ConfigClusterResolver - Resolving eureka endpoints via configuration
2018-04-09 18:23:20.353 INFO  [DiscoveryClient-InstanceInfoReplicator-0] o.s.c.c.c.ConfigServicePropertySourceLocator - Fetching config from server at: http://10.20.0.131:8763/
2018-04-09 18:23:20.613 INFO  [DiscoveryClient-InstanceInfoReplicator-0] o.s.c.c.c.ConfigServicePropertySourceLocator - Located environment: name=erp-sys, profiles=[dev], label=master, version=5c43b33115804be4f736ff9fa51814125d3af0d5, state=null
2018-04-09 18:28:18.553 INFO  [AsyncResolver-bootstrap-executor-0] c.n.d.s.r.aws.ConfigClusterResolver - Resolving eureka endpoints via configuration
2018-04-09 18:28:20.851 INFO  [DiscoveryClient-InstanceInfoReplicator-0] o.s.c.c.c.ConfigServicePropertySourceLocator - Fetching config from server at: http://10.20.0.131:8763/
2018-04-09 18:28:21.114 INFO  [DiscoveryClient-InstanceInfoReplicator-0] o.s.c.c.c.ConfigServicePropertySourceLocator - Located environment: name=erp-sys, profiles=[dev], label=master, version=5c43b33115804be4f736ff9fa51814125d3af0d5, state=null
2018-04-09 18:33:18.633 INFO  [AsyncResolver-bootstrap-executor-0] c.n.d.s.r.aws.ConfigClusterResolver - Resolving eureka endpoints via configuration
2018-04-09 18:33:21.213 INFO  [DiscoveryClient-InstanceInfoReplicator-0] o.s.c.c.c.ConfigServicePropertySourceLocator - Fetching config from server at: http://10.20.0.131:8763/
2018-04-09 18:33:21.479 INFO  [DiscoveryClient-InstanceInfoReplicator-0] o.s.c.c.c.ConfigServicePropertySourceLocator - Located environment: name=erp-sys, profiles=[dev], label=master, version=5c43b33115804be4f736ff9fa51814125d3af0d5, state=null
2018-04-09 18:38:18.663 INFO  [AsyncResolver-bootstrap-executor-0] c.n.d.s.r.aws.ConfigClusterResolver - Resolving eureka endpoints via configuration
2018-04-09 18:38:21.532 INFO  [DiscoveryClient-InstanceInfoReplicator-0] o.s.c.c.c.ConfigServicePropertySourceLocator - Fetching config from server at: http://10.20.0.131:8763/
2018-04-09 18:38:21.741 INFO  [DiscoveryClient-InstanceInfoReplicator-0] o.s.c.c.c.ConfigServicePropertySourceLocator - Located environment: name=erp-sys, profiles=[dev], label=master, version=5c43b33115804be4f736ff9fa51814125d3af0d5, state=null
2018-04-09 18:43:18.675 INFO  [AsyncResolver-bootstrap-executor-0] c.n.d.s.r.aws.ConfigClusterResolver - Resolving eureka endpoints via configuration
2018-04-09 18:43:21.778 INFO  [DiscoveryClient-InstanceInfoReplicator-0] o.s.c.c.c.ConfigServicePropertySourceLocator - Fetching config from server at: http://10.20.0.131:8763/
2018-04-09 18:43:21.990 INFO  [DiscoveryClient-InstanceInfoReplicator-0] o.s.c.c.c.ConfigServicePropertySourceLocator - Located environment: name=erp-sys, profiles=[dev], label=master, version=5c43b33115804be4f736ff9fa51814125d3af0d5, state=null
2018-04-09 18:48:18.687 INFO  [AsyncResolver-bootstrap-executor-0] c.n.d.s.r.aws.ConfigClusterResolver - Resolving eureka endpoints via configuration
2018-04-09 18:48:22.029 INFO  [DiscoveryClient-InstanceInfoReplicator-0] o.s.c.c.c.ConfigServicePropertySourceLocator - Fetching config from server at: http://10.20.0.131:8763/
2018-04-09 18:48:22.244 INFO  [DiscoveryClient-InstanceInfoReplicator-0] o.s.c.c.c.ConfigServicePropertySourceLocator - Located environment: name=erp-sys, profiles=[dev], label=master, version=5c43b33115804be4f736ff9fa51814125d3af0d5, state=null
2018-04-09 18:53:18.699 INFO  [AsyncResolver-bootstrap-executor-0] c.n.d.s.r.aws.ConfigClusterResolver - Resolving eureka endpoints via configuration
2018-04-09 18:53:22.276 INFO  [DiscoveryClient-InstanceInfoReplicator-0] o.s.c.c.c.ConfigServicePropertySourceLocator - Fetching config from server at: http://10.20.0.131:8763/
2018-04-09 18:53:22.507 INFO  [DiscoveryClient-InstanceInfoReplicator-0] o.s.c.c.c.ConfigServicePropertySourceLocator - Located environment: name=erp-sys, profiles=[dev], label=master, version=5c43b33115804be4f736ff9fa51814125d3af0d5, state=null
2018-04-09 18:58:18.711 INFO  [AsyncResolver-bootstrap-executor-0] c.n.d.s.r.aws.ConfigClusterResolver - Resolving eureka endpoints via configuration
2018-04-09 18:58:22.540 INFO  [DiscoveryClient-InstanceInfoReplicator-0] o.s.c.c.c.ConfigServicePropertySourceLocator - Fetching config from server at: http://10.20.0.131:8763/
2018-04-09 18:58:22.943 INFO  [DiscoveryClient-InstanceInfoReplicator-0] o.s.c.c.c.ConfigServicePropertySourceLocator - Located environment: name=erp-sys, profiles=[dev], label=master, version=5c43b33115804be4f736ff9fa51814125d3af0d5, state=null
2018-04-09 19:03:18.723 INFO  [AsyncResolver-bootstrap-executor-0] c.n.d.s.r.aws.ConfigClusterResolver - Resolving eureka endpoints via configuration
2018-04-09 19:03:22.978 INFO  [DiscoveryClient-InstanceInfoReplicator-0] o.s.c.c.c.ConfigServicePropertySourceLocator - Fetching config from server at: http://10.20.0.131:8763/
2018-04-09 19:03:23.187 INFO  [DiscoveryClient-InstanceInfoReplicator-0] o.s.c.c.c.ConfigServicePropertySourceLocator - Located environment: name=erp-sys, profiles=[dev], label=master, version=5c43b33115804be4f736ff9fa51814125d3af0d5, state=null
2018-04-09 19:08:18.735 INFO  [AsyncResolver-bootstrap-executor-0] c.n.d.s.r.aws.ConfigClusterResolver - Resolving eureka endpoints via configuration
2018-04-09 19:08:23.219 INFO  [DiscoveryClient-InstanceInfoReplicator-0] o.s.c.c.c.ConfigServicePropertySourceLocator - Fetching config from server at: http://10.20.0.131:8763/
2018-04-09 19:08:23.433 INFO  [DiscoveryClient-InstanceInfoReplicator-0] o.s.c.c.c.ConfigServicePropertySourceLocator - Located environment: name=erp-sys, profiles=[dev], label=master, version=5c43b33115804be4f736ff9fa51814125d3af0d5, state=null
2018-04-09 19:13:18.747 INFO  [AsyncResolver-bootstrap-executor-0] c.n.d.s.r.aws.ConfigClusterResolver - Resolving eureka endpoints via configuration
2018-04-09 19:13:23.466 INFO  [DiscoveryClient-InstanceInfoReplicator-0] o.s.c.c.c.ConfigServicePropertySourceLocator - Fetching config from server at: http://10.20.0.131:8763/
2018-04-09 19:13:23.687 INFO  [DiscoveryClient-InstanceInfoReplicator-0] o.s.c.c.c.ConfigServicePropertySourceLocator - Located environment: name=erp-sys, profiles=[dev], label=master, version=5c43b33115804be4f736ff9fa51814125d3af0d5, state=null
2018-04-09 19:18:18.759 INFO  [AsyncResolver-bootstrap-executor-0] c.n.d.s.r.aws.ConfigClusterResolver - Resolving eureka endpoints via configuration
2018-04-09 19:18:23.719 INFO  [DiscoveryClient-InstanceInfoReplicator-0] o.s.c.c.c.ConfigServicePropertySourceLocator - Fetching config from server at: http://10.20.0.131:8763/
2018-04-09 19:18:23.938 INFO  [DiscoveryClient-InstanceInfoReplicator-0] o.s.c.c.c.ConfigServicePropertySourceLocator - Located environment: name=erp-sys, profiles=[dev], label=master, version=5c43b33115804be4f736ff9fa51814125d3af0d5, state=null
2018-04-09 19:23:18.771 INFO  [AsyncResolver-bootstrap-executor-0] c.n.d.s.r.aws.ConfigClusterResolver - Resolving eureka endpoints via configuration
2018-04-09 19:23:23.971 INFO  [DiscoveryClient-InstanceInfoReplicator-0] o.s.c.c.c.ConfigServicePropertySourceLocator - Fetching config from server at: http://10.20.0.131:8763/
2018-04-09 19:23:24.186 INFO  [DiscoveryClient-InstanceInfoReplicator-0] o.s.c.c.c.ConfigServicePropertySourceLocator - Located environment: name=erp-sys, profiles=[dev], label=master, version=5c43b33115804be4f736ff9fa51814125d3af0d5, state=null
2018-04-09 19:28:18.783 INFO  [AsyncResolver-bootstrap-executor-0] c.n.d.s.r.aws.ConfigClusterResolver - Resolving eureka endpoints via configuration
2018-04-09 19:28:24.218 INFO  [DiscoveryClient-InstanceInfoReplicator-0] o.s.c.c.c.ConfigServicePropertySourceLocator - Fetching config from server at: http://10.20.0.131:8763/
2018-04-09 19:28:24.430 INFO  [DiscoveryClient-InstanceInfoReplicator-0] o.s.c.c.c.ConfigServicePropertySourceLocator - Located environment: name=erp-sys, profiles=[dev], label=master, version=5c43b33115804be4f736ff9fa51814125d3af0d5, state=null
2018-04-09 19:33:18.795 INFO  [AsyncResolver-bootstrap-executor-0] c.n.d.s.r.aws.ConfigClusterResolver - Resolving eureka endpoints via configuration
2018-04-09 19:33:24.462 INFO  [DiscoveryClient-InstanceInfoReplicator-0] o.s.c.c.c.ConfigServicePropertySourceLocator - Fetching config from server at: http://10.20.0.131:8763/
2018-04-09 19:33:24.677 INFO  [DiscoveryClient-InstanceInfoReplicator-0] o.s.c.c.c.ConfigServicePropertySourceLocator - Located environment: name=erp-sys, profiles=[dev], label=master, version=5c43b33115804be4f736ff9fa51814125d3af0d5, state=null
2018-04-09 19:38:18.807 INFO  [AsyncResolver-bootstrap-executor-0] c.n.d.s.r.aws.ConfigClusterResolver - Resolving eureka endpoints via configuration
2018-04-09 19:38:24.704 INFO  [DiscoveryClient-InstanceInfoReplicator-0] o.s.c.c.c.ConfigServicePropertySourceLocator - Fetching config from server at: http://10.20.0.131:8763/
2018-04-09 19:38:24.921 INFO  [DiscoveryClient-InstanceInfoReplicator-0] o.s.c.c.c.ConfigServicePropertySourceLocator - Located environment: name=erp-sys, profiles=[dev], label=master, version=5c43b33115804be4f736ff9fa51814125d3af0d5, state=null
2018-04-09 19:43:18.819 INFO  [AsyncResolver-bootstrap-executor-0] c.n.d.s.r.aws.ConfigClusterResolver - Resolving eureka endpoints via configuration
2018-04-09 19:43:24.948 INFO  [DiscoveryClient-InstanceInfoReplicator-0] o.s.c.c.c.ConfigServicePropertySourceLocator - Fetching config from server at: http://10.20.0.131:8763/
2018-04-09 19:43:25.169 INFO  [DiscoveryClient-InstanceInfoReplicator-0] o.s.c.c.c.ConfigServicePropertySourceLocator - Located environment: name=erp-sys, profiles=[dev], label=master, version=5c43b33115804be4f736ff9fa51814125d3af0d5, state=null
2018-04-09 19:48:18.831 INFO  [AsyncResolver-bootstrap-executor-0] c.n.d.s.r.aws.ConfigClusterResolver - Resolving eureka endpoints via configuration
2018-04-09 19:48:25.207 INFO  [DiscoveryClient-InstanceInfoReplicator-0] o.s.c.c.c.ConfigServicePropertySourceLocator - Fetching config from server at: http://10.20.0.131:8763/
2018-04-09 19:48:25.468 INFO  [DiscoveryClient-InstanceInfoReplicator-0] o.s.c.c.c.ConfigServicePropertySourceLocator - Located environment: name=erp-sys, profiles=[dev], label=master, version=5c43b33115804be4f736ff9fa51814125d3af0d5, state=null
2018-04-09 19:53:18.843 INFO  [AsyncResolver-bootstrap-executor-0] c.n.d.s.r.aws.ConfigClusterResolver - Resolving eureka endpoints via configuration
2018-04-09 19:53:25.499 INFO  [DiscoveryClient-InstanceInfoReplicator-0] o.s.c.c.c.ConfigServicePropertySourceLocator - Fetching config from server at: http://10.20.0.131:8763/
2018-04-09 19:53:25.738 INFO  [DiscoveryClient-InstanceInfoReplicator-0] o.s.c.c.c.ConfigServicePropertySourceLocator - Located environment: name=erp-sys, profiles=[dev], label=master, version=5c43b33115804be4f736ff9fa51814125d3af0d5, state=null
2018-04-09 19:58:18.855 INFO  [AsyncResolver-bootstrap-executor-0] c.n.d.s.r.aws.ConfigClusterResolver - Resolving eureka endpoints via configuration
2018-04-09 19:58:25.766 INFO  [DiscoveryClient-InstanceInfoReplicator-0] o.s.c.c.c.ConfigServicePropertySourceLocator - Fetching config from server at: http://10.20.0.131:8763/
2018-04-09 19:58:25.980 INFO  [DiscoveryClient-InstanceInfoReplicator-0] o.s.c.c.c.ConfigServicePropertySourceLocator - Located environment: name=erp-sys, profiles=[dev], label=master, version=5c43b33115804be4f736ff9fa51814125d3af0d5, state=null
2018-04-09 20:03:18.867 INFO  [AsyncResolver-bootstrap-executor-0] c.n.d.s.r.aws.ConfigClusterResolver - Resolving eureka endpoints via configuration
2018-04-09 20:03:26.014 INFO  [DiscoveryClient-InstanceInfoReplicator-0] o.s.c.c.c.ConfigServicePropertySourceLocator - Fetching config from server at: http://10.20.0.131:8763/
2018-04-09 20:03:26.239 INFO  [DiscoveryClient-InstanceInfoReplicator-0] o.s.c.c.c.ConfigServicePropertySourceLocator - Located environment: name=erp-sys, profiles=[dev], label=master, version=5c43b33115804be4f736ff9fa51814125d3af0d5, state=null
2018-04-09 20:08:18.879 INFO  [AsyncResolver-bootstrap-executor-0] c.n.d.s.r.aws.ConfigClusterResolver - Resolving eureka endpoints via configuration
2018-04-09 20:08:26.271 INFO  [DiscoveryClient-InstanceInfoReplicator-0] o.s.c.c.c.ConfigServicePropertySourceLocator - Fetching config from server at: http://10.20.0.131:8763/
2018-04-09 20:08:26.487 INFO  [DiscoveryClient-InstanceInfoReplicator-0] o.s.c.c.c.ConfigServicePropertySourceLocator - Located environment: name=erp-sys, profiles=[dev], label=master, version=5c43b33115804be4f736ff9fa51814125d3af0d5, state=null
2018-04-09 20:13:18.891 INFO  [AsyncResolver-bootstrap-executor-0] c.n.d.s.r.aws.ConfigClusterResolver - Resolving eureka endpoints via configuration
2018-04-09 20:13:26.517 INFO  [DiscoveryClient-InstanceInfoReplicator-0] o.s.c.c.c.ConfigServicePropertySourceLocator - Fetching config from server at: http://10.20.0.131:8763/
2018-04-09 20:13:26.740 INFO  [DiscoveryClient-InstanceInfoReplicator-0] o.s.c.c.c.ConfigServicePropertySourceLocator - Located environment: name=erp-sys, profiles=[dev], label=master, version=5c43b33115804be4f736ff9fa51814125d3af0d5, state=null
2018-04-09 20:18:18.903 INFO  [AsyncResolver-bootstrap-executor-0] c.n.d.s.r.aws.ConfigClusterResolver - Resolving eureka endpoints via configuration
2018-04-09 20:18:26.771 INFO  [DiscoveryClient-InstanceInfoReplicator-0] o.s.c.c.c.ConfigServicePropertySourceLocator - Fetching config from server at: http://10.20.0.131:8763/
2018-04-09 20:18:26.985 INFO  [DiscoveryClient-InstanceInfoReplicator-0] o.s.c.c.c.ConfigServicePropertySourceLocator - Located environment: name=erp-sys, profiles=[dev], label=master, version=5c43b33115804be4f736ff9fa51814125d3af0d5, state=null
2018-04-09 20:23:18.915 INFO  [AsyncResolver-bootstrap-executor-0] c.n.d.s.r.aws.ConfigClusterResolver - Resolving eureka endpoints via configuration
2018-04-09 20:23:27.016 INFO  [DiscoveryClient-InstanceInfoReplicator-0] o.s.c.c.c.ConfigServicePropertySourceLocator - Fetching config from server at: http://10.20.0.131:8763/
2018-04-09 20:23:27.244 INFO  [DiscoveryClient-InstanceInfoReplicator-0] o.s.c.c.c.ConfigServicePropertySourceLocator - Located environment: name=erp-sys, profiles=[dev], label=master, version=5c43b33115804be4f736ff9fa51814125d3af0d5, state=null
2018-04-09 20:28:18.927 INFO  [AsyncResolver-bootstrap-executor-0] c.n.d.s.r.aws.ConfigClusterResolver - Resolving eureka endpoints via configuration
2018-04-09 20:28:27.274 INFO  [DiscoveryClient-InstanceInfoReplicator-0] o.s.c.c.c.ConfigServicePropertySourceLocator - Fetching config from server at: http://10.20.0.131:8763/
2018-04-09 20:28:27.491 INFO  [DiscoveryClient-InstanceInfoReplicator-0] o.s.c.c.c.ConfigServicePropertySourceLocator - Located environment: name=erp-sys, profiles=[dev], label=master, version=5c43b33115804be4f736ff9fa51814125d3af0d5, state=null
2018-04-09 20:33:18.939 INFO  [AsyncResolver-bootstrap-executor-0] c.n.d.s.r.aws.ConfigClusterResolver - Resolving eureka endpoints via configuration
2018-04-09 20:33:27.520 INFO  [DiscoveryClient-InstanceInfoReplicator-0] o.s.c.c.c.ConfigServicePropertySourceLocator - Fetching config from server at: http://10.20.0.131:8763/
2018-04-09 20:33:27.741 INFO  [DiscoveryClient-InstanceInfoReplicator-0] o.s.c.c.c.ConfigServicePropertySourceLocator - Located environment: name=erp-sys, profiles=[dev], label=master, version=5c43b33115804be4f736ff9fa51814125d3af0d5, state=null
2018-04-09 20:38:18.951 INFO  [AsyncResolver-bootstrap-executor-0] c.n.d.s.r.aws.ConfigClusterResolver - Resolving eureka endpoints via configuration
2018-04-09 20:38:27.772 INFO  [DiscoveryClient-InstanceInfoReplicator-0] o.s.c.c.c.ConfigServicePropertySourceLocator - Fetching config from server at: http://10.20.0.131:8763/
2018-04-09 20:38:27.984 INFO  [DiscoveryClient-InstanceInfoReplicator-0] o.s.c.c.c.ConfigServicePropertySourceLocator - Located environment: name=erp-sys, profiles=[dev], label=master, version=5c43b33115804be4f736ff9fa51814125d3af0d5, state=null
2018-04-09 20:43:18.963 INFO  [AsyncResolver-bootstrap-executor-0] c.n.d.s.r.aws.ConfigClusterResolver - Resolving eureka endpoints via configuration
2018-04-09 20:43:28.016 INFO  [DiscoveryClient-InstanceInfoReplicator-0] o.s.c.c.c.ConfigServicePropertySourceLocator - Fetching config from server at: http://10.20.0.131:8763/
2018-04-09 20:43:28.255 INFO  [DiscoveryClient-InstanceInfoReplicator-0] o.s.c.c.c.ConfigServicePropertySourceLocator - Located environment: name=erp-sys, profiles=[dev], label=master, version=5c43b33115804be4f736ff9fa51814125d3af0d5, state=null
2018-04-09 20:48:18.975 INFO  [AsyncResolver-bootstrap-executor-0] c.n.d.s.r.aws.ConfigClusterResolver - Resolving eureka endpoints via configuration
2018-04-09 20:48:28.287 INFO  [DiscoveryClient-InstanceInfoReplicator-0] o.s.c.c.c.ConfigServicePropertySourceLocator - Fetching config from server at: http://10.20.0.131:8763/
2018-04-09 20:48:28.508 INFO  [DiscoveryClient-InstanceInfoReplicator-0] o.s.c.c.c.ConfigServicePropertySourceLocator - Located environment: name=erp-sys, profiles=[dev], label=master, version=5c43b33115804be4f736ff9fa51814125d3af0d5, state=null
2018-04-09 20:53:18.987 INFO  [AsyncResolver-bootstrap-executor-0] c.n.d.s.r.aws.ConfigClusterResolver - Resolving eureka endpoints via configuration
2018-04-09 20:53:28.538 INFO  [DiscoveryClient-InstanceInfoReplicator-0] o.s.c.c.c.ConfigServicePropertySourceLocator - Fetching config from server at: http://10.20.0.131:8763/
2018-04-09 20:53:28.753 INFO  [DiscoveryClient-InstanceInfoReplicator-0] o.s.c.c.c.ConfigServicePropertySourceLocator - Located environment: name=erp-sys, profiles=[dev], label=master, version=5c43b33115804be4f736ff9fa51814125d3af0d5, state=null
2018-04-09 20:58:18.999 INFO  [AsyncResolver-bootstrap-executor-0] c.n.d.s.r.aws.ConfigClusterResolver - Resolving eureka endpoints via configuration
2018-04-09 20:58:28.782 INFO  [DiscoveryClient-InstanceInfoReplicator-0] o.s.c.c.c.ConfigServicePropertySourceLocator - Fetching config from server at: http://10.20.0.131:8763/
2018-04-09 20:58:29.044 INFO  [DiscoveryClient-InstanceInfoReplicator-0] o.s.c.c.c.ConfigServicePropertySourceLocator - Located environment: name=erp-sys, profiles=[dev], label=master, version=5c43b33115804be4f736ff9fa51814125d3af0d5, state=null
2018-04-09 21:03:19.011 INFO  [AsyncResolver-bootstrap-executor-0] c.n.d.s.r.aws.ConfigClusterResolver - Resolving eureka endpoints via configuration
2018-04-09 21:03:29.078 INFO  [DiscoveryClient-InstanceInfoReplicator-0] o.s.c.c.c.ConfigServicePropertySourceLocator - Fetching config from server at: http://10.20.0.131:8763/
2018-04-09 21:03:29.373 INFO  [DiscoveryClient-InstanceInfoReplicator-0] o.s.c.c.c.ConfigServicePropertySourceLocator - Located environment: name=erp-sys, profiles=[dev], label=master, version=5c43b33115804be4f736ff9fa51814125d3af0d5, state=null
2018-04-09 21:08:19.023 INFO  [AsyncResolver-bootstrap-executor-0] c.n.d.s.r.aws.ConfigClusterResolver - Resolving eureka endpoints via configuration
2018-04-09 21:08:29.406 INFO  [DiscoveryClient-InstanceInfoReplicator-0] o.s.c.c.c.ConfigServicePropertySourceLocator - Fetching config from server at: http://10.20.0.131:8763/
2018-04-09 21:08:29.666 INFO  [DiscoveryClient-InstanceInfoReplicator-0] o.s.c.c.c.ConfigServicePropertySourceLocator - Located environment: name=erp-sys, profiles=[dev], label=master, version=5c43b33115804be4f736ff9fa51814125d3af0d5, state=null
2018-04-09 21:13:19.035 INFO  [AsyncResolver-bootstrap-executor-0] c.n.d.s.r.aws.ConfigClusterResolver - Resolving eureka endpoints via configuration
2018-04-09 21:13:29.699 INFO  [DiscoveryClient-InstanceInfoReplicator-0] o.s.c.c.c.ConfigServicePropertySourceLocator - Fetching config from server at: http://10.20.0.131:8763/
2018-04-09 21:13:29.910 INFO  [DiscoveryClient-InstanceInfoReplicator-0] o.s.c.c.c.ConfigServicePropertySourceLocator - Located environment: name=erp-sys, profiles=[dev], label=master, version=5c43b33115804be4f736ff9fa51814125d3af0d5, state=null
2018-04-09 21:18:19.047 INFO  [AsyncResolver-bootstrap-executor-0] c.n.d.s.r.aws.ConfigClusterResolver - Resolving eureka endpoints via configuration
2018-04-09 21:18:29.941 INFO  [DiscoveryClient-InstanceInfoReplicator-0] o.s.c.c.c.ConfigServicePropertySourceLocator - Fetching config from server at: http://10.20.0.131:8763/
2018-04-09 21:18:30.160 INFO  [DiscoveryClient-InstanceInfoReplicator-0] o.s.c.c.c.ConfigServicePropertySourceLocator - Located environment: name=erp-sys, profiles=[dev], label=master, version=5c43b33115804be4f736ff9fa51814125d3af0d5, state=null
2018-04-09 21:23:19.059 INFO  [AsyncResolver-bootstrap-executor-0] c.n.d.s.r.aws.ConfigClusterResolver - Resolving eureka endpoints via configuration
2018-04-09 21:23:30.191 INFO  [DiscoveryClient-InstanceInfoReplicator-0] o.s.c.c.c.ConfigServicePropertySourceLocator - Fetching config from server at: http://10.20.0.131:8763/
2018-04-09 21:23:30.447 INFO  [DiscoveryClient-InstanceInfoReplicator-0] o.s.c.c.c.ConfigServicePropertySourceLocator - Located environment: name=erp-sys, profiles=[dev], label=master, version=5c43b33115804be4f736ff9fa51814125d3af0d5, state=null
2018-04-09 21:28:19.071 INFO  [AsyncResolver-bootstrap-executor-0] c.n.d.s.r.aws.ConfigClusterResolver - Resolving eureka endpoints via configuration
2018-04-09 21:28:30.476 INFO  [DiscoveryClient-InstanceInfoReplicator-0] o.s.c.c.c.ConfigServicePropertySourceLocator - Fetching config from server at: http://10.20.0.131:8763/
2018-04-09 21:28:30.687 INFO  [DiscoveryClient-InstanceInfoReplicator-0] o.s.c.c.c.ConfigServicePropertySourceLocator - Located environment: name=erp-sys, profiles=[dev], label=master, version=5c43b33115804be4f736ff9fa51814125d3af0d5, state=null
2018-04-09 21:33:19.083 INFO  [AsyncResolver-bootstrap-executor-0] c.n.d.s.r.aws.ConfigClusterResolver - Resolving eureka endpoints via configuration
2018-04-09 21:33:30.719 INFO  [DiscoveryClient-InstanceInfoReplicator-0] o.s.c.c.c.ConfigServicePropertySourceLocator - Fetching config from server at: http://10.20.0.131:8763/
2018-04-09 21:33:30.940 INFO  [DiscoveryClient-InstanceInfoReplicator-0] o.s.c.c.c.ConfigServicePropertySourceLocator - Located environment: name=erp-sys, profiles=[dev], label=master, version=5c43b33115804be4f736ff9fa51814125d3af0d5, state=null
2018-04-09 21:38:19.095 INFO  [AsyncResolver-bootstrap-executor-0] c.n.d.s.r.aws.ConfigClusterResolver - Resolving eureka endpoints via configuration
2018-04-09 21:38:30.969 INFO  [DiscoveryClient-InstanceInfoReplicator-0] o.s.c.c.c.ConfigServicePropertySourceLocator - Fetching config from server at: http://10.20.0.131:8763/
2018-04-09 21:38:31.183 INFO  [DiscoveryClient-InstanceInfoReplicator-0] o.s.c.c.c.ConfigServicePropertySourceLocator - Located environment: name=erp-sys, profiles=[dev], label=master, version=5c43b33115804be4f736ff9fa51814125d3af0d5, state=null
2018-04-09 21:43:19.107 INFO  [AsyncResolver-bootstrap-executor-0] c.n.d.s.r.aws.ConfigClusterResolver - Resolving eureka endpoints via configuration
2018-04-09 21:43:31.214 INFO  [DiscoveryClient-InstanceInfoReplicator-0] o.s.c.c.c.ConfigServicePropertySourceLocator - Fetching config from server at: http://10.20.0.131:8763/
2018-04-09 21:43:31.436 INFO  [DiscoveryClient-InstanceInfoReplicator-0] o.s.c.c.c.ConfigServicePropertySourceLocator - Located environment: name=erp-sys, profiles=[dev], label=master, version=5c43b33115804be4f736ff9fa51814125d3af0d5, state=null
2018-04-09 21:48:19.119 INFO  [AsyncResolver-bootstrap-executor-0] c.n.d.s.r.aws.ConfigClusterResolver - Resolving eureka endpoints via configuration
2018-04-09 21:48:31.463 INFO  [DiscoveryClient-InstanceInfoReplicator-0] o.s.c.c.c.ConfigServicePropertySourceLocator - Fetching config from server at: http://10.20.0.131:8763/
2018-04-09 21:48:31.681 INFO  [DiscoveryClient-InstanceInfoReplicator-0] o.s.c.c.c.ConfigServicePropertySourceLocator - Located environment: name=erp-sys, profiles=[dev], label=master, version=5c43b33115804be4f736ff9fa51814125d3af0d5, state=null
2018-04-09 21:53:19.131 INFO  [AsyncResolver-bootstrap-executor-0] c.n.d.s.r.aws.ConfigClusterResolver - Resolving eureka endpoints via configuration
2018-04-09 21:53:31.714 INFO  [DiscoveryClient-InstanceInfoReplicator-0] o.s.c.c.c.ConfigServicePropertySourceLocator - Fetching config from server at: http://10.20.0.131:8763/
2018-04-09 21:53:31.973 INFO  [DiscoveryClient-InstanceInfoReplicator-0] o.s.c.c.c.ConfigServicePropertySourceLocator - Located environment: name=erp-sys, profiles=[dev], label=master, version=5c43b33115804be4f736ff9fa51814125d3af0d5, state=null
2018-04-09 21:58:19.143 INFO  [AsyncResolver-bootstrap-executor-0] c.n.d.s.r.aws.ConfigClusterResolver - Resolving eureka endpoints via configuration
2018-04-09 21:58:32.003 INFO  [DiscoveryClient-InstanceInfoReplicator-0] o.s.c.c.c.ConfigServicePropertySourceLocator - Fetching config from server at: http://10.20.0.131:8763/
2018-04-09 21:58:32.219 INFO  [DiscoveryClient-InstanceInfoReplicator-0] o.s.c.c.c.ConfigServicePropertySourceLocator - Located environment: name=erp-sys, profiles=[dev], label=master, version=5c43b33115804be4f736ff9fa51814125d3af0d5, state=null
2018-04-09 22:03:19.155 INFO  [AsyncResolver-bootstrap-executor-0] c.n.d.s.r.aws.ConfigClusterResolver - Resolving eureka endpoints via configuration
2018-04-09 22:03:32.249 INFO  [DiscoveryClient-InstanceInfoReplicator-0] o.s.c.c.c.ConfigServicePropertySourceLocator - Fetching config from server at: http://10.20.0.131:8763/
2018-04-09 22:03:32.645 INFO  [DiscoveryClient-InstanceInfoReplicator-0] o.s.c.c.c.ConfigServicePropertySourceLocator - Located environment: name=erp-sys, profiles=[dev], label=master, version=5c43b33115804be4f736ff9fa51814125d3af0d5, state=null
2018-04-09 22:08:19.167 INFO  [AsyncResolver-bootstrap-executor-0] c.n.d.s.r.aws.ConfigClusterResolver - Resolving eureka endpoints via configuration
2018-04-09 22:08:32.677 INFO  [DiscoveryClient-InstanceInfoReplicator-0] o.s.c.c.c.ConfigServicePropertySourceLocator - Fetching config from server at: http://10.20.0.131:8763/
2018-04-09 22:08:32.903 INFO  [DiscoveryClient-InstanceInfoReplicator-0] o.s.c.c.c.ConfigServicePropertySourceLocator - Located environment: name=erp-sys, profiles=[dev], label=master, version=5c43b33115804be4f736ff9fa51814125d3af0d5, state=null
2018-04-09 22:13:19.179 INFO  [AsyncResolver-bootstrap-executor-0] c.n.d.s.r.aws.ConfigClusterResolver - Resolving eureka endpoints via configuration
2018-04-09 22:13:32.939 INFO  [DiscoveryClient-InstanceInfoReplicator-0] o.s.c.c.c.ConfigServicePropertySourceLocator - Fetching config from server at: http://10.20.0.131:8763/
2018-04-09 22:13:33.149 INFO  [DiscoveryClient-InstanceInfoReplicator-0] o.s.c.c.c.ConfigServicePropertySourceLocator - Located environment: name=erp-sys, profiles=[dev], label=master, version=5c43b33115804be4f736ff9fa51814125d3af0d5, state=null
2018-04-09 22:18:19.191 INFO  [AsyncResolver-bootstrap-executor-0] c.n.d.s.r.aws.ConfigClusterResolver - Resolving eureka endpoints via configuration
2018-04-09 22:18:33.177 INFO  [DiscoveryClient-InstanceInfoReplicator-0] o.s.c.c.c.ConfigServicePropertySourceLocator - Fetching config from server at: http://10.20.0.131:8763/
2018-04-09 22:18:33.395 INFO  [DiscoveryClient-InstanceInfoReplicator-0] o.s.c.c.c.ConfigServicePropertySourceLocator - Located environment: name=erp-sys, profiles=[dev], label=master, version=5c43b33115804be4f736ff9fa51814125d3af0d5, state=null
2018-04-09 22:23:19.203 INFO  [AsyncResolver-bootstrap-executor-0] c.n.d.s.r.aws.ConfigClusterResolver - Resolving eureka endpoints via configuration
2018-04-09 22:23:33.428 INFO  [DiscoveryClient-InstanceInfoReplicator-0] o.s.c.c.c.ConfigServicePropertySourceLocator - Fetching config from server at: http://10.20.0.131:8763/
2018-04-09 22:23:33.639 INFO  [DiscoveryClient-InstanceInfoReplicator-0] o.s.c.c.c.ConfigServicePropertySourceLocator - Located environment: name=erp-sys, profiles=[dev], label=master, version=5c43b33115804be4f736ff9fa51814125d3af0d5, state=null
2018-04-09 22:28:19.215 INFO  [AsyncResolver-bootstrap-executor-0] c.n.d.s.r.aws.ConfigClusterResolver - Resolving eureka endpoints via configuration
2018-04-09 22:28:33.672 INFO  [DiscoveryClient-InstanceInfoReplicator-0] o.s.c.c.c.ConfigServicePropertySourceLocator - Fetching config from server at: http://10.20.0.131:8763/
2018-04-09 22:28:33.882 INFO  [DiscoveryClient-InstanceInfoReplicator-0] o.s.c.c.c.ConfigServicePropertySourceLocator - Located environment: name=erp-sys, profiles=[dev], label=master, version=5c43b33115804be4f736ff9fa51814125d3af0d5, state=null
2018-04-09 22:33:19.227 INFO  [AsyncResolver-bootstrap-executor-0] c.n.d.s.r.aws.ConfigClusterResolver - Resolving eureka endpoints via configuration
2018-04-09 22:33:33.912 INFO  [DiscoveryClient-InstanceInfoReplicator-0] o.s.c.c.c.ConfigServicePropertySourceLocator - Fetching config from server at: http://10.20.0.131:8763/
2018-04-09 22:33:34.198 INFO  [DiscoveryClient-InstanceInfoReplicator-0] o.s.c.c.c.ConfigServicePropertySourceLocator - Located environment: name=erp-sys, profiles=[dev], label=master, version=5c43b33115804be4f736ff9fa51814125d3af0d5, state=null
2018-04-09 22:38:19.239 INFO  [AsyncResolver-bootstrap-executor-0] c.n.d.s.r.aws.ConfigClusterResolver - Resolving eureka endpoints via configuration
2018-04-09 22:38:34.231 INFO  [DiscoveryClient-InstanceInfoReplicator-0] o.s.c.c.c.ConfigServicePropertySourceLocator - Fetching config from server at: http://10.20.0.131:8763/
2018-04-09 22:38:34.464 INFO  [DiscoveryClient-InstanceInfoReplicator-0] o.s.c.c.c.ConfigServicePropertySourceLocator - Located environment: name=erp-sys, profiles=[dev], label=master, version=5c43b33115804be4f736ff9fa51814125d3af0d5, state=null
2018-04-09 22:43:19.251 INFO  [AsyncResolver-bootstrap-executor-0] c.n.d.s.r.aws.ConfigClusterResolver - Resolving eureka endpoints via configuration
2018-04-09 22:43:34.499 INFO  [DiscoveryClient-InstanceInfoReplicator-0] o.s.c.c.c.ConfigServicePropertySourceLocator - Fetching config from server at: http://10.20.0.131:8763/
2018-04-09 22:43:34.723 INFO  [DiscoveryClient-InstanceInfoReplicator-0] o.s.c.c.c.ConfigServicePropertySourceLocator - Located environment: name=erp-sys, profiles=[dev], label=master, version=5c43b33115804be4f736ff9fa51814125d3af0d5, state=null
2018-04-09 22:48:19.263 INFO  [AsyncResolver-bootstrap-executor-0] c.n.d.s.r.aws.ConfigClusterResolver - Resolving eureka endpoints via configuration
2018-04-09 22:48:34.753 INFO  [DiscoveryClient-InstanceInfoReplicator-0] o.s.c.c.c.ConfigServicePropertySourceLocator - Fetching config from server at: http://10.20.0.131:8763/
2018-04-09 22:48:34.976 INFO  [DiscoveryClient-InstanceInfoReplicator-0] o.s.c.c.c.ConfigServicePropertySourceLocator - Located environment: name=erp-sys, profiles=[dev], label=master, version=5c43b33115804be4f736ff9fa51814125d3af0d5, state=null
2018-04-09 22:53:19.275 INFO  [AsyncResolver-bootstrap-executor-0] c.n.d.s.r.aws.ConfigClusterResolver - Resolving eureka endpoints via configuration
2018-04-09 22:53:35.004 INFO  [DiscoveryClient-InstanceInfoReplicator-0] o.s.c.c.c.ConfigServicePropertySourceLocator - Fetching config from server at: http://10.20.0.131:8763/
2018-04-09 22:53:35.236 INFO  [DiscoveryClient-InstanceInfoReplicator-0] o.s.c.c.c.ConfigServicePropertySourceLocator - Located environment: name=erp-sys, profiles=[dev], label=master, version=5c43b33115804be4f736ff9fa51814125d3af0d5, state=null
2018-04-09 22:58:19.287 INFO  [AsyncResolver-bootstrap-executor-0] c.n.d.s.r.aws.ConfigClusterResolver - Resolving eureka endpoints via configuration
2018-04-09 22:58:35.267 INFO  [DiscoveryClient-InstanceInfoReplicator-0] o.s.c.c.c.ConfigServicePropertySourceLocator - Fetching config from server at: http://10.20.0.131:8763/
2018-04-09 22:58:35.482 INFO  [DiscoveryClient-InstanceInfoReplicator-0] o.s.c.c.c.ConfigServicePropertySourceLocator - Located environment: name=erp-sys, profiles=[dev], label=master, version=5c43b33115804be4f736ff9fa51814125d3af0d5, state=null
2018-04-09 23:03:19.299 INFO  [AsyncResolver-bootstrap-executor-0] c.n.d.s.r.aws.ConfigClusterResolver - Resolving eureka endpoints via configuration
2018-04-09 23:03:35.520 INFO  [DiscoveryClient-InstanceInfoReplicator-0] o.s.c.c.c.ConfigServicePropertySourceLocator - Fetching config from server at: http://10.20.0.131:8763/
2018-04-09 23:03:35.739 INFO  [DiscoveryClient-InstanceInfoReplicator-0] o.s.c.c.c.ConfigServicePropertySourceLocator - Located environment: name=erp-sys, profiles=[dev], label=master, version=5c43b33115804be4f736ff9fa51814125d3af0d5, state=null
2018-04-09 23:08:19.311 INFO  [AsyncResolver-bootstrap-executor-0] c.n.d.s.r.aws.ConfigClusterResolver - Resolving eureka endpoints via configuration
2018-04-09 23:08:35.791 INFO  [DiscoveryClient-InstanceInfoReplicator-0] o.s.c.c.c.ConfigServicePropertySourceLocator - Fetching config from server at: http://10.20.0.131:8763/
2018-04-09 23:08:36.020 INFO  [DiscoveryClient-InstanceInfoReplicator-0] o.s.c.c.c.ConfigServicePropertySourceLocator - Located environment: name=erp-sys, profiles=[dev], label=master, version=5c43b33115804be4f736ff9fa51814125d3af0d5, state=null
2018-04-09 23:13:19.323 INFO  [AsyncResolver-bootstrap-executor-0] c.n.d.s.r.aws.ConfigClusterResolver - Resolving eureka endpoints via configuration
2018-04-09 23:13:36.055 INFO  [DiscoveryClient-InstanceInfoReplicator-0] o.s.c.c.c.ConfigServicePropertySourceLocator - Fetching config from server at: http://10.20.0.131:8763/
2018-04-09 23:13:36.272 INFO  [DiscoveryClient-InstanceInfoReplicator-0] o.s.c.c.c.ConfigServicePropertySourceLocator - Located environment: name=erp-sys, profiles=[dev], label=master, version=5c43b33115804be4f736ff9fa51814125d3af0d5, state=null
2018-04-09 23:18:19.335 INFO  [AsyncResolver-bootstrap-executor-0] c.n.d.s.r.aws.ConfigClusterResolver - Resolving eureka endpoints via configuration
2018-04-09 23:18:36.306 INFO  [DiscoveryClient-InstanceInfoReplicator-0] o.s.c.c.c.ConfigServicePropertySourceLocator - Fetching config from server at: http://10.20.0.131:8763/
2018-04-09 23:18:36.523 INFO  [DiscoveryClient-InstanceInfoReplicator-0] o.s.c.c.c.ConfigServicePropertySourceLocator - Located environment: name=erp-sys, profiles=[dev], label=master, version=5c43b33115804be4f736ff9fa51814125d3af0d5, state=null
2018-04-09 23:23:19.347 INFO  [AsyncResolver-bootstrap-executor-0] c.n.d.s.r.aws.ConfigClusterResolver - Resolving eureka endpoints via configuration
2018-04-09 23:23:36.553 INFO  [DiscoveryClient-InstanceInfoReplicator-0] o.s.c.c.c.ConfigServicePropertySourceLocator - Fetching config from server at: http://10.20.0.131:8763/
2018-04-09 23:23:36.789 INFO  [DiscoveryClient-InstanceInfoReplicator-0] o.s.c.c.c.ConfigServicePropertySourceLocator - Located environment: name=erp-sys, profiles=[dev], label=master, version=5c43b33115804be4f736ff9fa51814125d3af0d5, state=null
2018-04-09 23:28:19.359 INFO  [AsyncResolver-bootstrap-executor-0] c.n.d.s.r.aws.ConfigClusterResolver - Resolving eureka endpoints via configuration
2018-04-09 23:28:36.819 INFO  [DiscoveryClient-InstanceInfoReplicator-0] o.s.c.c.c.ConfigServicePropertySourceLocator - Fetching config from server at: http://10.20.0.131:8763/
2018-04-09 23:28:37.043 INFO  [DiscoveryClient-InstanceInfoReplicator-0] o.s.c.c.c.ConfigServicePropertySourceLocator - Located environment: name=erp-sys, profiles=[dev], label=master, version=5c43b33115804be4f736ff9fa51814125d3af0d5, state=null
2018-04-09 23:33:19.371 INFO  [AsyncResolver-bootstrap-executor-0] c.n.d.s.r.aws.ConfigClusterResolver - Resolving eureka endpoints via configuration
2018-04-09 23:33:37.072 INFO  [DiscoveryClient-InstanceInfoReplicator-0] o.s.c.c.c.ConfigServicePropertySourceLocator - Fetching config from server at: http://10.20.0.131:8763/
2018-04-09 23:33:37.292 INFO  [DiscoveryClient-InstanceInfoReplicator-0] o.s.c.c.c.ConfigServicePropertySourceLocator - Located environment: name=erp-sys, profiles=[dev], label=master, version=5c43b33115804be4f736ff9fa51814125d3af0d5, state=null
2018-04-09 23:38:19.383 INFO  [AsyncResolver-bootstrap-executor-0] c.n.d.s.r.aws.ConfigClusterResolver - Resolving eureka endpoints via configuration
2018-04-09 23:38:37.321 INFO  [DiscoveryClient-InstanceInfoReplicator-0] o.s.c.c.c.ConfigServicePropertySourceLocator - Fetching config from server at: http://10.20.0.131:8763/
2018-04-09 23:38:37.544 INFO  [DiscoveryClient-InstanceInfoReplicator-0] o.s.c.c.c.ConfigServicePropertySourceLocator - Located environment: name=erp-sys, profiles=[dev], label=master, version=5c43b33115804be4f736ff9fa51814125d3af0d5, state=null
2018-04-09 23:43:19.395 INFO  [AsyncResolver-bootstrap-executor-0] c.n.d.s.r.aws.ConfigClusterResolver - Resolving eureka endpoints via configuration
2018-04-09 23:43:37.571 INFO  [DiscoveryClient-InstanceInfoReplicator-0] o.s.c.c.c.ConfigServicePropertySourceLocator - Fetching config from server at: http://10.20.0.131:8763/
2018-04-09 23:43:37.785 INFO  [DiscoveryClient-InstanceInfoReplicator-0] o.s.c.c.c.ConfigServicePropertySourceLocator - Located environment: name=erp-sys, profiles=[dev], label=master, version=5c43b33115804be4f736ff9fa51814125d3af0d5, state=null
2018-04-09 23:48:19.407 INFO  [AsyncResolver-bootstrap-executor-0] c.n.d.s.r.aws.ConfigClusterResolver - Resolving eureka endpoints via configuration
2018-04-09 23:48:37.812 INFO  [DiscoveryClient-InstanceInfoReplicator-0] o.s.c.c.c.ConfigServicePropertySourceLocator - Fetching config from server at: http://10.20.0.131:8763/
2018-04-09 23:48:38.083 INFO  [DiscoveryClient-InstanceInfoReplicator-0] o.s.c.c.c.ConfigServicePropertySourceLocator - Located environment: name=erp-sys, profiles=[dev], label=master, version=5c43b33115804be4f736ff9fa51814125d3af0d5, state=null
2018-04-09 23:53:19.419 INFO  [AsyncResolver-bootstrap-executor-0] c.n.d.s.r.aws.ConfigClusterResolver - Resolving eureka endpoints via configuration
2018-04-09 23:53:38.112 INFO  [DiscoveryClient-InstanceInfoReplicator-0] o.s.c.c.c.ConfigServicePropertySourceLocator - Fetching config from server at: http://10.20.0.131:8763/
2018-04-09 23:53:38.378 INFO  [DiscoveryClient-InstanceInfoReplicator-0] o.s.c.c.c.ConfigServicePropertySourceLocator - Located environment: name=erp-sys, profiles=[dev], label=master, version=5c43b33115804be4f736ff9fa51814125d3af0d5, state=null
2018-04-09 23:58:19.431 INFO  [AsyncResolver-bootstrap-executor-0] c.n.d.s.r.aws.ConfigClusterResolver - Resolving eureka endpoints via configuration
2018-04-09 23:58:38.413 INFO  [DiscoveryClient-InstanceInfoReplicator-0] o.s.c.c.c.ConfigServicePropertySourceLocator - Fetching config from server at: http://10.20.0.131:8763/
2018-04-09 23:58:38.626 INFO  [DiscoveryClient-InstanceInfoReplicator-0] o.s.c.c.c.ConfigServicePropertySourceLocator - Located environment: name=erp-sys, profiles=[dev], label=master, version=5c43b33115804be4f736ff9fa51814125d3af0d5, state=null
